09/06/2014 - 14:25:24
	enableKey()
		A licensa do programa foi validada com sucesso.

09/06/2014 - 14:25:32
	ShapeSimple::setBordersAspect()
		Aspecto da borda trocada com sucesso.

09/06/2014 - 14:25:37
	MOUSE_CALLBACKS::drawingRegion()
		Botao esquerdo pressionado.

09/06/2014 - 14:25:39
	MOUSE_CALLBACKS::drawingRegion()
		Botao esquerdo pressionado.

09/06/2014 - 14:25:40
	MOUSE_CALLBACKS::drawingRegion()
		Botao esquerdo pressionado.

09/06/2014 - 14:25:43
	MOUSE_CALLBACKS::drawingRegion()
		Botao esquerdo pressionado.

09/06/2014 - 14:25:43
	ShapeSimple::createRegions()
		Regiao de controle criada com sucesso.

09/06/2014 - 14:25:43
	MOUSE_CALLBACKS::drawingRegion()
		Botao direito pressionado.

09/06/2014 - 14:25:46
	MOUSE_CALLBACKS::drawingRegion()
		Botao esquerdo pressionado.

09/06/2014 - 14:25:48
	MOUSE_CALLBACKS::drawingRegion()
		Botao esquerdo pressionado.

09/06/2014 - 14:25:50
	MOUSE_CALLBACKS::drawingRegion()
		Botao esquerdo pressionado.

09/06/2014 - 14:25:51
	MOUSE_CALLBACKS::drawingRegion()
		Botao esquerdo pressionado.

09/06/2014 - 14:25:51
	ShapeSimple::createRegions()
		Regioes e identificadores setados com sucesso.

09/06/2014 - 14:25:51
	MOUSE_CALLBACKS::drawingRegion()
		Botao direito pressionado.

09/06/2014 - 14:25:53
	filter_strip()
		'szWidth' = 5
		'szHeight' = 29
		'deltaX' = 55
		'deltaY' = 1500

09/06/2014 - 14:25:53
	region_adaptiveThreshold()
		Funcao encontrou regiao com sucesso.

09/06/2014 - 14:25:53
	filter_strip()
		'szWidth' = 5
		'szHeight' = 29
		'deltaX' = 55
		'deltaY' = 1500

09/06/2014 - 14:26:03
	region_adaptiveThreshold()
		Funcao encontrou regiao com sucesso.

09/06/2014 - 14:26:03
	filter_strip()
		'szWidth' = 5
		'szHeight' = 29
		'deltaX' = 55
		'deltaY' = 1500

09/06/2014 - 14:26:05
	region_adaptiveThreshold()
		Funcao encontrou regiao com sucesso.

09/06/2014 - 14:26:05
	filter_strip()
		'szWidth' = 5
		'szHeight' = 29
		'deltaX' = 55
		'deltaY' = 1500

09/06/2014 - 14:26:13
	region_adaptiveThreshold()
		Funcao encontrou regiao com sucesso.

09/06/2014 - 14:26:13
	filter_strip()
		'szWidth' = 5
		'szHeight' = 29
		'deltaX' = 55
		'deltaY' = 1500

09/06/2014 - 14:26:14
	region_adaptiveThreshold()
		Funcao encontrou regiao com sucesso.

09/06/2014 - 14:26:14
	filter_strip()
		'szWidth' = 5
		'szHeight' = 29
		'deltaX' = 55
		'deltaY' = 1500

09/06/2014 - 14:26:23
	region_adaptiveThreshold()
		Funcao encontrou regiao com sucesso.

09/06/2014 - 14:26:23
	filter_strip()
		'szWidth' = 5
		'szHeight' = 29
		'deltaX' = 55
		'deltaY' = 1500

09/06/2014 - 14:26:23
	region_adaptiveThreshold()
		Funcao encontrou regiao com sucesso.

09/06/2014 - 14:26:23
	filter_strip()
		'szWidth' = 5
		'szHeight' = 29
		'deltaX' = 55
		'deltaY' = 1500

09/06/2014 - 14:26:34
	region_adaptiveThreshold()
		Funcao encontrou regiao com sucesso.

09/06/2014 - 14:26:34
	filter_strip()
		'szWidth' = 5
		'szHeight' = 29
		'deltaX' = 55
		'deltaY' = 1500

09/06/2014 - 14:26:36
	region_adaptiveThreshold()
		Funcao encontrou regiao com sucesso.

09/06/2014 - 14:26:36
	filter_strip()
		'szWidth' = 5
		'szHeight' = 29
		'deltaX' = 55
		'deltaY' = 1500

09/06/2014 - 14:26:44
	region_adaptiveThreshold()
		Funcao encontrou regiao com sucesso.

09/06/2014 - 14:26:44
	filter_strip()
		'szWidth' = 5
		'szHeight' = 29
		'deltaX' = 55
		'deltaY' = 1500

09/06/2014 - 14:26:46
	region_adaptiveThreshold()
		Funcao encontrou regiao com sucesso.

09/06/2014 - 14:26:46
	filter_strip()
		'szWidth' = 5
		'szHeight' = 29
		'deltaX' = 55
		'deltaY' = 1500

09/06/2014 - 14:26:57
	region_adaptiveThreshold()
		Funcao encontrou regiao com sucesso.

09/06/2014 - 14:26:57
	filter_strip()
		'szWidth' = 5
		'szHeight' = 29
		'deltaX' = 55
		'deltaY' = 1500

09/06/2014 - 14:26:59
	region_adaptiveThreshold()
		Funcao encontrou regiao com sucesso.

09/06/2014 - 14:26:59
	filter_strip()
		'szWidth' = 5
		'szHeight' = 29
		'deltaX' = 55
		'deltaY' = 1500

09/06/2014 - 14:27:09
	region_adaptiveThreshold()
		Funcao encontrou regiao com sucesso.

09/06/2014 - 14:27:09
	relation()
		'controlVal' = 179.648
		'testVal' = 180.184

09/06/2014 - 14:27:09
	relation()
		'controlVal' = 179.163
		'testVal' = 179.374

09/06/2014 - 14:27:09
	relation()
		'controlVal' = 179.052
		'testVal' = 179.611

09/06/2014 - 14:27:09
	relation()
		'controlVal' = 179.213
		'testVal' = 180.103

09/06/2014 - 14:27:09
	relation()
		'controlVal' = 179.905
		'testVal' = 179.699

09/06/2014 - 14:27:09
	relation()
		'controlVal' = 180.327
		'testVal' = 180.587

09/06/2014 - 14:27:09
	relation()
		'controlVal' = 179.328
		'testVal' = 180.337

09/06/2014 - 14:27:27
	filter_strip()
		'szWidth' = 5
		'szHeight' = 29
		'deltaX' = 55
		'deltaY' = 1500

09/06/2014 - 14:27:29
	region_adaptiveThreshold()
		Funcao encontrou regiao com sucesso.

09/06/2014 - 14:27:29
	filter_strip()
		'szWidth' = 5
		'szHeight' = 29
		'deltaX' = 55
		'deltaY' = 1500

09/06/2014 - 14:27:38
	region_adaptiveThreshold()
		Funcao encontrou regiao com sucesso.

09/06/2014 - 14:27:38
	filter_strip()
		'szWidth' = 5
		'szHeight' = 29
		'deltaX' = 55
		'deltaY' = 1500

09/06/2014 - 14:27:39
	region_adaptiveThreshold()
		Funcao encontrou regiao com sucesso.

09/06/2014 - 14:27:39
	filter_strip()
		'szWidth' = 5
		'szHeight' = 29
		'deltaX' = 55
		'deltaY' = 1500

09/06/2014 - 14:27:49
	region_adaptiveThreshold()
		Funcao encontrou regiao com sucesso.

09/06/2014 - 14:27:49
	filter_strip()
		'szWidth' = 5
		'szHeight' = 29
		'deltaX' = 55
		'deltaY' = 1500

09/06/2014 - 14:27:52
	region_adaptiveThreshold()
		Funcao encontrou regiao com sucesso.

09/06/2014 - 14:27:52
	filter_strip()
		'szWidth' = 5
		'szHeight' = 29
		'deltaX' = 55
		'deltaY' = 1500

09/06/2014 - 14:28:02
	region_adaptiveThreshold()
		Funcao encontrou regiao com sucesso.

09/06/2014 - 14:28:02
	filter_strip()
		'szWidth' = 5
		'szHeight' = 29
		'deltaX' = 55
		'deltaY' = 1500

09/06/2014 - 14:28:03
	region_adaptiveThreshold()
		Funcao encontrou regiao com sucesso.

09/06/2014 - 14:28:03
	filter_strip()
		'szWidth' = 5
		'szHeight' = 29
		'deltaX' = 55
		'deltaY' = 1500

09/06/2014 - 14:28:13
	region_adaptiveThreshold()
		Funcao encontrou regiao com sucesso.

09/06/2014 - 14:28:13
	filter_strip()
		'szWidth' = 5
		'szHeight' = 29
		'deltaX' = 55
		'deltaY' = 1500

09/06/2014 - 14:28:14
	region_adaptiveThreshold()
		Funcao encontrou regiao com sucesso.

09/06/2014 - 14:28:14
	filter_strip()
		'szWidth' = 5
		'szHeight' = 29
		'deltaX' = 55
		'deltaY' = 1500

09/06/2014 - 14:28:24
	region_adaptiveThreshold()
		Funcao encontrou regiao com sucesso.

09/06/2014 - 14:28:24
	filter_strip()
		'szWidth' = 5
		'szHeight' = 29
		'deltaX' = 55
		'deltaY' = 1500

09/06/2014 - 14:28:26
	region_adaptiveThreshold()
		Funcao encontrou regiao com sucesso.

09/06/2014 - 14:28:26
	filter_strip()
		'szWidth' = 5
		'szHeight' = 29
		'deltaX' = 55
		'deltaY' = 1500

09/06/2014 - 14:28:36
	region_adaptiveThreshold()
		Funcao encontrou regiao com sucesso.

09/06/2014 - 14:28:36
	filter_strip()
		'szWidth' = 5
		'szHeight' = 29
		'deltaX' = 55
		'deltaY' = 1500

09/06/2014 - 14:28:38
	region_adaptiveThreshold()
		Funcao encontrou regiao com sucesso.

09/06/2014 - 14:28:38
	filter_strip()
		'szWidth' = 5
		'szHeight' = 29
		'deltaX' = 55
		'deltaY' = 1500

09/06/2014 - 14:28:47
	region_adaptiveThreshold()
		Funcao encontrou regiao com sucesso.

09/06/2014 - 14:28:47
	relation()
		'controlVal' = 180.88
		'testVal' = 183.597

09/06/2014 - 14:28:47
	relation()
		'controlVal' = 180.672
		'testVal' = 183.875

09/06/2014 - 14:28:47
	relation()
		'controlVal' = 180.943
		'testVal' = 183.796

09/06/2014 - 14:28:47
	relation()
		'controlVal' = 181.35
		'testVal' = 184.367

09/06/2014 - 14:28:47
	relation()
		'controlVal' = 180.991
		'testVal' = 183.137

09/06/2014 - 14:28:47
	relation()
		'controlVal' = 180.624
		'testVal' = 183.439

09/06/2014 - 14:28:47
	relation()
		'controlVal' = 180.825
		'testVal' = 182.953

09/06/2014 - 14:30:17
	enableKey()
		A licensa do programa foi validada com sucesso.

09/06/2014 - 14:30:25
	ShapeSimple::setBordersAspect()
		Aspecto da borda trocada com sucesso.

09/06/2014 - 14:30:34
	MOUSE_CALLBACKS::drawingRegion()
		Botao esquerdo pressionado.

09/06/2014 - 14:30:36
	MOUSE_CALLBACKS::drawingRegion()
		Botao esquerdo pressionado.

09/06/2014 - 14:30:40
	MOUSE_CALLBACKS::drawingRegion()
		Botao esquerdo pressionado.

09/06/2014 - 14:30:41
	MOUSE_CALLBACKS::drawingRegion()
		Botao esquerdo pressionado.

09/06/2014 - 14:30:41
	ShapeSimple::createRegions()
		Regiao de controle criada com sucesso.

09/06/2014 - 14:30:41
	MOUSE_CALLBACKS::drawingRegion()
		Botao direito pressionado.

09/06/2014 - 14:30:43
	MOUSE_CALLBACKS::drawingRegion()
		Botao esquerdo pressionado.

09/06/2014 - 14:30:46
	MOUSE_CALLBACKS::drawingRegion()
		Botao esquerdo pressionado.

09/06/2014 - 14:30:47
	MOUSE_CALLBACKS::drawingRegion()
		Botao esquerdo pressionado.

09/06/2014 - 14:30:48
	MOUSE_CALLBACKS::drawingRegion()
		Botao esquerdo pressionado.

09/06/2014 - 14:30:51
	MOUSE_CALLBACKS::drawingRegion()
		Botao esquerdo pressionado.

09/06/2014 - 14:30:51
	ShapeSimple::createRegions()
		Regioes e identificadores setados com sucesso.

09/06/2014 - 14:30:51
	MOUSE_CALLBACKS::drawingRegion()
		Botao direito pressionado.

09/06/2014 - 14:30:55
	ShapeSimple::deleteRegions()
		Regioes deletadas com sucesso.

09/06/2014 - 14:30:55
	ShapeSimple::printBorders()
		O programa encerrou com erro.

09/06/2014 - 14:32:11
	enableKey()
		A licensa do programa foi validada com sucesso.

09/06/2014 - 14:32:18
	ShapeSimple::setBordersAspect()
		Aspecto da borda trocada com sucesso.

09/06/2014 - 14:32:22
	MOUSE_CALLBACKS::drawingRegion()
		Botao esquerdo pressionado.

09/06/2014 - 14:32:23
	MOUSE_CALLBACKS::drawingRegion()
		Botao esquerdo pressionado.

09/06/2014 - 14:32:24
	MOUSE_CALLBACKS::drawingRegion()
		Botao esquerdo pressionado.

09/06/2014 - 14:32:24
	MOUSE_CALLBACKS::drawingRegion()
		Botao esquerdo pressionado.

09/06/2014 - 14:32:25
	ShapeSimple::createRegions()
		Regiao de controle criada com sucesso.

09/06/2014 - 14:32:25
	MOUSE_CALLBACKS::drawingRegion()
		Botao direito pressionado.

09/06/2014 - 14:32:26
	ShapeSimple::deleteRegions()
		Regioes deletadas com sucesso.

09/06/2014 - 14:32:27
	MOUSE_CALLBACKS::drawingRegion()
		Botao esquerdo pressionado.

09/06/2014 - 14:32:28
	MOUSE_CALLBACKS::drawingRegion()
		Botao esquerdo pressionado.

09/06/2014 - 14:32:29
	MOUSE_CALLBACKS::drawingRegion()
		Botao esquerdo pressionado.

09/06/2014 - 14:32:29
	MOUSE_CALLBACKS::drawingRegion()
		Botao esquerdo pressionado.

09/06/2014 - 14:32:30
	ShapeSimple::createRegions()
		Regiao de controle criada com sucesso.

09/06/2014 - 14:32:30
	MOUSE_CALLBACKS::drawingRegion()
		Botao direito pressionado.

09/06/2014 - 14:32:33
	MOUSE_CALLBACKS::drawingRegion()
		Botao esquerdo pressionado.

09/06/2014 - 14:32:33
	MOUSE_CALLBACKS::drawingRegion()
		Botao esquerdo pressionado.

09/06/2014 - 14:32:33
	MOUSE_CALLBACKS::drawingRegion()
		Botao esquerdo pressionado.

09/06/2014 - 14:32:33
	MOUSE_CALLBACKS::drawingRegion()
		Botao esquerdo pressionado.

09/06/2014 - 14:32:34
	ShapeSimple::createRegions()
		Regioes e identificadores setados com sucesso.

09/06/2014 - 14:32:34
	MOUSE_CALLBACKS::drawingRegion()
		Botao direito pressionado.

09/06/2014 - 14:32:36
	ShapeSimple::deleteRegions()
		Regioes deletadas com sucesso.

09/06/2014 - 14:33:22
	enableKey()
		A licensa do programa foi validada com sucesso.

09/06/2014 - 14:33:28
	ShapeSimple::setBordersAspect()
		Aspecto da borda trocada com sucesso.

09/06/2014 - 14:33:31
	MOUSE_CALLBACKS::drawingRegion()
		Botao esquerdo pressionado.

09/06/2014 - 14:33:32
	MOUSE_CALLBACKS::drawingRegion()
		Botao esquerdo pressionado.

09/06/2014 - 14:33:33
	MOUSE_CALLBACKS::drawingRegion()
		Botao esquerdo pressionado.

09/06/2014 - 14:33:33
	MOUSE_CALLBACKS::drawingRegion()
		Botao esquerdo pressionado.

09/06/2014 - 14:33:34
	ShapeSimple::createRegions()
		Regiao de controle criada com sucesso.

09/06/2014 - 14:33:34
	MOUSE_CALLBACKS::drawingRegion()
		Botao direito pressionado.

09/06/2014 - 14:33:36
	ShapeSimple::deleteRegions()
		Regioes deletadas com sucesso.

09/06/2014 - 14:33:37
	MOUSE_CALLBACKS::drawingRegion()
		Botao esquerdo pressionado.

09/06/2014 - 14:33:38
	MOUSE_CALLBACKS::drawingRegion()
		Botao esquerdo pressionado.

09/06/2014 - 14:33:40
	MOUSE_CALLBACKS::drawingRegion()
		Botao esquerdo pressionado.

09/06/2014 - 14:33:41
	ShapeSimple::createRegions()
		Regiao de controle criada com sucesso.

09/06/2014 - 14:33:41
	MOUSE_CALLBACKS::drawingRegion()
		Botao direito pressionado.

09/06/2014 - 14:33:44
	MOUSE_CALLBACKS::drawingRegion()
		Botao esquerdo pressionado.

09/06/2014 - 14:33:45
	MOUSE_CALLBACKS::drawingRegion()
		Botao esquerdo pressionado.

09/06/2014 - 14:33:47
	MOUSE_CALLBACKS::drawingRegion()
		Botao esquerdo pressionado.

09/06/2014 - 14:33:48
	MOUSE_CALLBACKS::drawingRegion()
		Botao esquerdo pressionado.

09/06/2014 - 14:33:48
	ShapeSimple::createRegions()
		Regioes e identificadores setados com sucesso.

09/06/2014 - 14:33:48
	MOUSE_CALLBACKS::drawingRegion()
		Botao direito pressionado.

09/06/2014 - 14:33:51
	filter_strip()
		'szWidth' = 5
		'szHeight' = 29
		'deltaX' = 55
		'deltaY' = 1500

09/06/2014 - 14:33:58
	region_adaptiveThreshold()
		Funcao encontrou regiao com sucesso.

09/06/2014 - 14:33:58
	filter_strip()
		'szWidth' = 5
		'szHeight' = 29
		'deltaX' = 55
		'deltaY' = 1500

09/06/2014 - 14:34:01
	region_adaptiveThreshold()
		Funcao encontrou regiao com sucesso.

09/06/2014 - 14:34:01
	filter_strip()
		'szWidth' = 5
		'szHeight' = 29
		'deltaX' = 55
		'deltaY' = 1500

09/06/2014 - 14:34:08
	region_adaptiveThreshold()
		Funcao encontrou regiao com sucesso.

09/06/2014 - 14:34:08
	filter_strip()
		'szWidth' = 5
		'szHeight' = 29
		'deltaX' = 55
		'deltaY' = 1500

09/06/2014 - 14:34:17
	region_adaptiveThreshold()
		Funcao encontrou regiao com sucesso.

09/06/2014 - 14:34:17
	filter_strip()
		'szWidth' = 5
		'szHeight' = 29
		'deltaX' = 55
		'deltaY' = 1500

09/06/2014 - 14:34:24
	region_adaptiveThreshold()
		Funcao encontrou regiao com sucesso.

09/06/2014 - 14:34:24
	filter_strip()
		'szWidth' = 5
		'szHeight' = 29
		'deltaX' = 55
		'deltaY' = 1500

09/06/2014 - 14:34:30
	region_adaptiveThreshold()
		Funcao encontrou regiao com sucesso.

09/06/2014 - 14:34:30
	filter_strip()
		'szWidth' = 5
		'szHeight' = 29
		'deltaX' = 55
		'deltaY' = 1500

09/06/2014 - 14:34:37
	region_adaptiveThreshold()
		Funcao encontrou regiao com sucesso.

09/06/2014 - 14:34:37
	filter_strip()
		'szWidth' = 5
		'szHeight' = 29
		'deltaX' = 55
		'deltaY' = 1500

09/06/2014 - 14:34:44
	region_adaptiveThreshold()
		Funcao encontrou regiao com sucesso.

09/06/2014 - 14:34:44
	filter_strip()
		'szWidth' = 5
		'szHeight' = 29
		'deltaX' = 55
		'deltaY' = 1500

09/06/2014 - 14:34:52
	region_adaptiveThreshold()
		Funcao encontrou regiao com sucesso.

09/06/2014 - 14:34:52
	filter_strip()
		'szWidth' = 5
		'szHeight' = 29
		'deltaX' = 55
		'deltaY' = 1500

09/06/2014 - 14:34:53
	region_adaptiveThreshold()
		Funcao encontrou regiao com sucesso.

09/06/2014 - 14:34:53
	filter_strip()
		'szWidth' = 5
		'szHeight' = 29
		'deltaX' = 55
		'deltaY' = 1500

09/06/2014 - 14:35:00
	region_adaptiveThreshold()
		Funcao encontrou regiao com sucesso.

09/06/2014 - 14:35:00
	filter_strip()
		'szWidth' = 5
		'szHeight' = 29
		'deltaX' = 55
		'deltaY' = 1500

09/06/2014 - 14:35:02
	region_adaptiveThreshold()
		Funcao encontrou regiao com sucesso.

09/06/2014 - 14:35:02
	filter_strip()
		'szWidth' = 5
		'szHeight' = 29
		'deltaX' = 55
		'deltaY' = 1500

09/06/2014 - 14:35:09
	region_adaptiveThreshold()
		Funcao encontrou regiao com sucesso.

09/06/2014 - 14:35:09
	filter_strip()
		'szWidth' = 5
		'szHeight' = 29
		'deltaX' = 55
		'deltaY' = 1500

09/06/2014 - 14:35:12
	region_adaptiveThreshold()
		Funcao encontrou regiao com sucesso.

09/06/2014 - 14:35:12
	relation()
		'controlVal' = 183.392
		'testVal' = 166.089

09/06/2014 - 14:35:12
	relation()
		'controlVal' = 183.527
		'testVal' = 166.049

09/06/2014 - 14:35:12
	relation()
		'controlVal' = 183.606
		'testVal' = 165.83

09/06/2014 - 14:35:12
	relation()
		'controlVal' = 183.703
		'testVal' = 166.219

09/06/2014 - 14:35:12
	relation()
		'controlVal' = 183.245
		'testVal' = 165.976

09/06/2014 - 14:35:12
	relation()
		'controlVal' = 183.108
		'testVal' = 165.735

09/06/2014 - 14:35:12
	relation()
		'controlVal' = 182.598
		'testVal' = 165.031

09/06/2014 - 14:35:27
	filter_strip()
		'szWidth' = 5
		'szHeight' = 29
		'deltaX' = 55
		'deltaY' = 1500

09/06/2014 - 14:35:34
	region_adaptiveThreshold()
		Funcao encontrou regiao com sucesso.

09/06/2014 - 14:35:34
	filter_strip()
		'szWidth' = 5
		'szHeight' = 29
		'deltaX' = 55
		'deltaY' = 1500

09/06/2014 - 14:35:40
	region_adaptiveThreshold()
		Funcao encontrou regiao com sucesso.

09/06/2014 - 14:35:40
	filter_strip()
		'szWidth' = 5
		'szHeight' = 29
		'deltaX' = 55
		'deltaY' = 1500

09/06/2014 - 14:35:46
	region_adaptiveThreshold()
		Funcao encontrou regiao com sucesso.

09/06/2014 - 14:35:46
	filter_strip()
		'szWidth' = 5
		'szHeight' = 29
		'deltaX' = 55
		'deltaY' = 1500

09/06/2014 - 14:35:47
	region_adaptiveThreshold()
		Funcao encontrou regiao com sucesso.

09/06/2014 - 14:35:47
	filter_strip()
		'szWidth' = 5
		'szHeight' = 29
		'deltaX' = 55
		'deltaY' = 1500

09/06/2014 - 14:35:54
	region_adaptiveThreshold()
		Funcao encontrou regiao com sucesso.

09/06/2014 - 14:35:54
	filter_strip()
		'szWidth' = 5
		'szHeight' = 29
		'deltaX' = 55
		'deltaY' = 1500

09/06/2014 - 14:35:55
	region_adaptiveThreshold()
		Funcao encontrou regiao com sucesso.

09/06/2014 - 14:35:55
	filter_strip()
		'szWidth' = 5
		'szHeight' = 29
		'deltaX' = 55
		'deltaY' = 1500

09/06/2014 - 14:36:01
	region_adaptiveThreshold()
		Funcao encontrou regiao com sucesso.

09/06/2014 - 14:36:01
	filter_strip()
		'szWidth' = 5
		'szHeight' = 29
		'deltaX' = 55
		'deltaY' = 1500

09/06/2014 - 14:36:07
	region_adaptiveThreshold()
		Funcao encontrou regiao com sucesso.

09/06/2014 - 14:36:07
	filter_strip()
		'szWidth' = 5
		'szHeight' = 29
		'deltaX' = 55
		'deltaY' = 1500

09/06/2014 - 14:36:14
	region_adaptiveThreshold()
		Funcao encontrou regiao com sucesso.

09/06/2014 - 14:36:14
	filter_strip()
		'szWidth' = 5
		'szHeight' = 29
		'deltaX' = 55
		'deltaY' = 1500

09/06/2014 - 14:36:16
	region_adaptiveThreshold()
		Funcao encontrou regiao com sucesso.

09/06/2014 - 14:36:16
	filter_strip()
		'szWidth' = 5
		'szHeight' = 29
		'deltaX' = 55
		'deltaY' = 1500

09/06/2014 - 14:36:23
	region_adaptiveThreshold()
		Funcao encontrou regiao com sucesso.

09/06/2014 - 14:36:23
	filter_strip()
		'szWidth' = 5
		'szHeight' = 29
		'deltaX' = 55
		'deltaY' = 1500

09/06/2014 - 14:36:29
	region_adaptiveThreshold()
		Funcao encontrou regiao com sucesso.

09/06/2014 - 14:36:29
	filter_strip()
		'szWidth' = 5
		'szHeight' = 29
		'deltaX' = 55
		'deltaY' = 1500

09/06/2014 - 14:36:37
	region_adaptiveThreshold()
		Funcao encontrou regiao com sucesso.

09/06/2014 - 14:36:37
	filter_strip()
		'szWidth' = 5
		'szHeight' = 29
		'deltaX' = 55
		'deltaY' = 1500

09/06/2014 - 14:36:44
	region_adaptiveThreshold()
		Funcao encontrou regiao com sucesso.

09/06/2014 - 14:36:44
	relation()
		'controlVal' = 177.339
		'testVal' = 168.66

09/06/2014 - 14:36:44
	relation()
		'controlVal' = 176.964
		'testVal' = 168.505

09/06/2014 - 14:36:44
	relation()
		'controlVal' = 176.652
		'testVal' = 168.914

09/06/2014 - 14:36:44
	relation()
		'controlVal' = 177.556
		'testVal' = 168.9

09/06/2014 - 14:36:44
	relation()
		'controlVal' = 177.189
		'testVal' = 168.981

09/06/2014 - 14:36:44
	relation()
		'controlVal' = 176.739
		'testVal' = 169.166

09/06/2014 - 14:36:44
	relation()
		'controlVal' = 176.53
		'testVal' = 169.023

09/06/2014 - 14:36:49
	filter_strip()
		'szWidth' = 5
		'szHeight' = 29
		'deltaX' = 55
		'deltaY' = 1500

09/06/2014 - 14:36:57
	region_adaptiveThreshold()
		Funcao encontrou regiao com sucesso.

09/06/2014 - 14:36:57
	filter_strip()
		'szWidth' = 5
		'szHeight' = 29
		'deltaX' = 55
		'deltaY' = 1500

09/06/2014 - 14:37:04
	region_adaptiveThreshold()
		Funcao encontrou regiao com sucesso.

09/06/2014 - 14:37:04
	filter_strip()
		'szWidth' = 5
		'szHeight' = 29
		'deltaX' = 55
		'deltaY' = 1500

09/06/2014 - 14:37:11
	region_adaptiveThreshold()
		Funcao encontrou regiao com sucesso.

09/06/2014 - 14:37:11
	filter_strip()
		'szWidth' = 5
		'szHeight' = 29
		'deltaX' = 55
		'deltaY' = 1500

09/06/2014 - 14:37:18
	region_adaptiveThreshold()
		Funcao encontrou regiao com sucesso.

09/06/2014 - 14:37:18
	filter_strip()
		'szWidth' = 5
		'szHeight' = 29
		'deltaX' = 55
		'deltaY' = 1500

09/06/2014 - 14:37:25
	region_adaptiveThreshold()
		Funcao encontrou regiao com sucesso.

09/06/2014 - 14:37:25
	filter_strip()
		'szWidth' = 5
		'szHeight' = 29
		'deltaX' = 55
		'deltaY' = 1500

09/06/2014 - 14:37:25
	region_adaptiveThreshold()
		Funcao encontrou regiao com sucesso.

09/06/2014 - 14:37:25
	filter_strip()
		'szWidth' = 5
		'szHeight' = 29
		'deltaX' = 55
		'deltaY' = 1500

09/06/2014 - 14:37:33
	region_adaptiveThreshold()
		Funcao encontrou regiao com sucesso.

09/06/2014 - 14:37:33
	filter_strip()
		'szWidth' = 5
		'szHeight' = 29
		'deltaX' = 55
		'deltaY' = 1500

09/06/2014 - 14:37:41
	region_adaptiveThreshold()
		Funcao encontrou regiao com sucesso.

09/06/2014 - 14:37:41
	filter_strip()
		'szWidth' = 5
		'szHeight' = 29
		'deltaX' = 55
		'deltaY' = 1500

09/06/2014 - 14:37:49
	region_adaptiveThreshold()
		Funcao encontrou regiao com sucesso.

09/06/2014 - 14:37:49
	filter_strip()
		'szWidth' = 5
		'szHeight' = 29
		'deltaX' = 55
		'deltaY' = 1500

09/06/2014 - 14:37:52
	region_adaptiveThreshold()
		Funcao encontrou regiao com sucesso.

09/06/2014 - 14:37:52
	filter_strip()
		'szWidth' = 5
		'szHeight' = 29
		'deltaX' = 55
		'deltaY' = 1500

09/06/2014 - 14:37:59
	region_adaptiveThreshold()
		Funcao encontrou regiao com sucesso.

09/06/2014 - 14:37:59
	filter_strip()
		'szWidth' = 5
		'szHeight' = 29
		'deltaX' = 55
		'deltaY' = 1500

09/06/2014 - 14:38:09
	region_adaptiveThreshold()
		Funcao encontrou regiao com sucesso.

09/06/2014 - 14:38:09
	filter_strip()
		'szWidth' = 5
		'szHeight' = 29
		'deltaX' = 55
		'deltaY' = 1500

09/06/2014 - 14:38:15
	region_adaptiveThreshold()
		Funcao encontrou regiao com sucesso.

09/06/2014 - 14:38:15
	filter_strip()
		'szWidth' = 5
		'szHeight' = 29
		'deltaX' = 55
		'deltaY' = 1500

09/06/2014 - 14:38:18
	region_adaptiveThreshold()
		Funcao encontrou regiao com sucesso.

09/06/2014 - 14:38:18
	relation()
		'controlVal' = 174.437
		'testVal' = 169.595

09/06/2014 - 14:38:18
	relation()
		'controlVal' = 174.019
		'testVal' = 169.58

09/06/2014 - 14:38:18
	relation()
		'controlVal' = 174.502
		'testVal' = 169.766

09/06/2014 - 14:38:18
	relation()
		'controlVal' = 173.89
		'testVal' = 169.782

09/06/2014 - 14:38:18
	relation()
		'controlVal' = 174.038
		'testVal' = 169.11

09/06/2014 - 14:38:18
	relation()
		'controlVal' = 173.699
		'testVal' = 169.486

09/06/2014 - 14:38:18
	relation()
		'controlVal' = 174.073
		'testVal' = 169.617

09/06/2014 - 14:38:24
	filter_strip()
		'szWidth' = 5
		'szHeight' = 29
		'deltaX' = 55
		'deltaY' = 1500

09/06/2014 - 14:38:31
	region_adaptiveThreshold()
		Funcao encontrou regiao com sucesso.

09/06/2014 - 14:38:31
	filter_strip()
		'szWidth' = 5
		'szHeight' = 29
		'deltaX' = 55
		'deltaY' = 1500

09/06/2014 - 14:38:34
	region_adaptiveThreshold()
		Funcao encontrou regiao com sucesso.

09/06/2014 - 14:38:34
	filter_strip()
		'szWidth' = 5
		'szHeight' = 29
		'deltaX' = 55
		'deltaY' = 1500

09/06/2014 - 14:38:40
	region_adaptiveThreshold()
		Funcao encontrou regiao com sucesso.

09/06/2014 - 14:38:40
	filter_strip()
		'szWidth' = 5
		'szHeight' = 29
		'deltaX' = 55
		'deltaY' = 1500

09/06/2014 - 14:38:42
	region_adaptiveThreshold()
		Funcao encontrou regiao com sucesso.

09/06/2014 - 14:38:42
	filter_strip()
		'szWidth' = 5
		'szHeight' = 29
		'deltaX' = 55
		'deltaY' = 1500

09/06/2014 - 14:38:51
	region_adaptiveThreshold()
		Funcao encontrou regiao com sucesso.

09/06/2014 - 14:38:51
	filter_strip()
		'szWidth' = 5
		'szHeight' = 29
		'deltaX' = 55
		'deltaY' = 1500

09/06/2014 - 14:38:54
	region_adaptiveThreshold()
		Funcao encontrou regiao com sucesso.

09/06/2014 - 14:38:54
	filter_strip()
		'szWidth' = 5
		'szHeight' = 29
		'deltaX' = 55
		'deltaY' = 1500

09/06/2014 - 14:39:01
	region_adaptiveThreshold()
		Funcao encontrou regiao com sucesso.

09/06/2014 - 14:39:01
	filter_strip()
		'szWidth' = 5
		'szHeight' = 29
		'deltaX' = 55
		'deltaY' = 1500

09/06/2014 - 14:39:03
	region_adaptiveThreshold()
		Funcao encontrou regiao com sucesso.

09/06/2014 - 14:39:03
	filter_strip()
		'szWidth' = 5
		'szHeight' = 29
		'deltaX' = 55
		'deltaY' = 1500

09/06/2014 - 14:39:10
	region_adaptiveThreshold()
		Funcao encontrou regiao com sucesso.

09/06/2014 - 14:39:10
	filter_strip()
		'szWidth' = 5
		'szHeight' = 29
		'deltaX' = 55
		'deltaY' = 1500

09/06/2014 - 14:39:13
	region_adaptiveThreshold()
		Funcao encontrou regiao com sucesso.

09/06/2014 - 14:39:13
	filter_strip()
		'szWidth' = 5
		'szHeight' = 29
		'deltaX' = 55
		'deltaY' = 1500

09/06/2014 - 14:39:22
	region_adaptiveThreshold()
		Funcao encontrou regiao com sucesso.

09/06/2014 - 14:39:22
	filter_strip()
		'szWidth' = 5
		'szHeight' = 29
		'deltaX' = 55
		'deltaY' = 1500

09/06/2014 - 14:39:24
	region_adaptiveThreshold()
		Funcao encontrou regiao com sucesso.

09/06/2014 - 14:39:24
	filter_strip()
		'szWidth' = 5
		'szHeight' = 29
		'deltaX' = 55
		'deltaY' = 1500

09/06/2014 - 14:39:31
	region_adaptiveThreshold()
		Funcao encontrou regiao com sucesso.

09/06/2014 - 14:39:31
	filter_strip()
		'szWidth' = 5
		'szHeight' = 29
		'deltaX' = 55
		'deltaY' = 1500

09/06/2014 - 14:39:34
	region_adaptiveThreshold()
		Funcao encontrou regiao com sucesso.

09/06/2014 - 14:39:34
	relation()
		'controlVal' = 180.945
		'testVal' = 171.58

09/06/2014 - 14:39:34
	relation()
		'controlVal' = 180.785
		'testVal' = 170.964

09/06/2014 - 14:39:34
	relation()
		'controlVal' = 181.241
		'testVal' = 171.629

09/06/2014 - 14:39:34
	relation()
		'controlVal' = 180.953
		'testVal' = 171.633

09/06/2014 - 14:39:34
	relation()
		'controlVal' = 181.376
		'testVal' = 171.649

09/06/2014 - 14:39:34
	relation()
		'controlVal' = 180.709
		'testVal' = 171.226

09/06/2014 - 14:39:34
	relation()
		'controlVal' = 181.107
		'testVal' = 171.51

09/06/2014 - 14:39:50
	ShapeSimple::deleteRegions()
		Regioes deletadas com sucesso.

09/06/2014 - 14:39:53
	MOUSE_CALLBACKS::drawingRegion()
		Botao esquerdo pressionado.

09/06/2014 - 14:39:53
	MOUSE_CALLBACKS::drawingRegion()
		Botao esquerdo pressionado.

09/06/2014 - 14:39:54
	MOUSE_CALLBACKS::drawingRegion()
		Botao esquerdo pressionado.

09/06/2014 - 14:39:56
	MOUSE_CALLBACKS::drawingRegion()
		Botao esquerdo pressionado.

09/06/2014 - 14:39:56
	ShapeSimple::createRegions()
		Regiao de controle criada com sucesso.

09/06/2014 - 14:39:56
	MOUSE_CALLBACKS::drawingRegion()
		Botao direito pressionado.

09/06/2014 - 14:39:57
	MOUSE_CALLBACKS::drawingRegion()
		Botao esquerdo pressionado.

09/06/2014 - 14:39:59
	MOUSE_CALLBACKS::drawingRegion()
		Botao esquerdo pressionado.

09/06/2014 - 14:40:00
	MOUSE_CALLBACKS::drawingRegion()
		Botao esquerdo pressionado.

09/06/2014 - 14:40:01
	MOUSE_CALLBACKS::drawingRegion()
		Botao esquerdo pressionado.

09/06/2014 - 14:40:01
	ShapeSimple::createRegions()
		Regioes e identificadores setados com sucesso.

09/06/2014 - 14:40:01
	MOUSE_CALLBACKS::drawingRegion()
		Botao direito pressionado.

09/06/2014 - 14:40:58
	enableKey()
		A licensa do programa foi validada com sucesso.

09/06/2014 - 14:41:06
	ShapeSimple::setBordersAspect()
		Aspecto da borda trocada com sucesso.

09/06/2014 - 14:41:10
	MOUSE_CALLBACKS::drawingRegion()
		Botao esquerdo pressionado.

09/06/2014 - 14:41:11
	MOUSE_CALLBACKS::drawingRegion()
		Botao esquerdo pressionado.

09/06/2014 - 14:41:13
	MOUSE_CALLBACKS::drawingRegion()
		Botao esquerdo pressionado.

09/06/2014 - 14:41:15
	MOUSE_CALLBACKS::drawingRegion()
		Botao esquerdo pressionado.

09/06/2014 - 14:41:15
	ShapeSimple::createRegions()
		Regiao de controle criada com sucesso.

09/06/2014 - 14:41:15
	MOUSE_CALLBACKS::drawingRegion()
		Botao direito pressionado.

09/06/2014 - 14:41:17
	MOUSE_CALLBACKS::drawingRegion()
		Botao esquerdo pressionado.

09/06/2014 - 14:41:19
	MOUSE_CALLBACKS::drawingRegion()
		Botao esquerdo pressionado.

09/06/2014 - 14:41:25
	MOUSE_CALLBACKS::drawingRegion()
		Botao esquerdo pressionado.

09/06/2014 - 14:41:26
	MOUSE_CALLBACKS::drawingRegion()
		Botao esquerdo pressionado.

09/06/2014 - 14:41:26
	ShapeSimple::createRegions()
		Regioes e identificadores setados com sucesso.

09/06/2014 - 14:41:26
	MOUSE_CALLBACKS::drawingRegion()
		Botao direito pressionado.

09/06/2014 - 14:41:28
	filter_strip()
		'szWidth' = 5
		'szHeight' = 29
		'deltaX' = 55
		'deltaY' = 1500

09/06/2014 - 14:41:35
	region_adaptiveThreshold()
		Funcao encontrou regiao com sucesso.

09/06/2014 - 14:41:35
	filter_strip()
		'szWidth' = 5
		'szHeight' = 29
		'deltaX' = 55
		'deltaY' = 1500

09/06/2014 - 14:41:41
	region_adaptiveThreshold()
		Funcao encontrou regiao com sucesso.

09/06/2014 - 14:41:41
	filter_strip()
		'szWidth' = 5
		'szHeight' = 29
		'deltaX' = 55
		'deltaY' = 1500

09/06/2014 - 14:41:47
	region_adaptiveThreshold()
		Funcao encontrou regiao com sucesso.

09/06/2014 - 14:41:47
	filter_strip()
		'szWidth' = 5
		'szHeight' = 29
		'deltaX' = 55
		'deltaY' = 1500

09/06/2014 - 14:41:48
	region_adaptiveThreshold()
		Funcao encontrou regiao com sucesso.

09/06/2014 - 14:41:48
	filter_strip()
		'szWidth' = 5
		'szHeight' = 29
		'deltaX' = 55
		'deltaY' = 1500

09/06/2014 - 14:41:54
	region_adaptiveThreshold()
		Funcao encontrou regiao com sucesso.

09/06/2014 - 14:41:54
	filter_strip()
		'szWidth' = 5
		'szHeight' = 29
		'deltaX' = 55
		'deltaY' = 1500

09/06/2014 - 14:41:55
	region_adaptiveThreshold()
		Funcao encontrou regiao com sucesso.

09/06/2014 - 14:41:55
	filter_strip()
		'szWidth' = 5
		'szHeight' = 29
		'deltaX' = 55
		'deltaY' = 1500

09/06/2014 - 14:42:01
	region_adaptiveThreshold()
		Funcao encontrou regiao com sucesso.

09/06/2014 - 14:42:01
	filter_strip()
		'szWidth' = 5
		'szHeight' = 29
		'deltaX' = 55
		'deltaY' = 1500

09/06/2014 - 14:42:08
	region_adaptiveThreshold()
		Funcao encontrou regiao com sucesso.

09/06/2014 - 14:42:08
	filter_strip()
		'szWidth' = 5
		'szHeight' = 29
		'deltaX' = 55
		'deltaY' = 1500

09/06/2014 - 14:42:14
	region_adaptiveThreshold()
		Funcao encontrou regiao com sucesso.

09/06/2014 - 14:42:14
	filter_strip()
		'szWidth' = 5
		'szHeight' = 29
		'deltaX' = 55
		'deltaY' = 1500

09/06/2014 - 14:42:18
	region_adaptiveThreshold()
		Funcao encontrou regiao com sucesso.

09/06/2014 - 14:42:18
	filter_strip()
		'szWidth' = 5
		'szHeight' = 29
		'deltaX' = 55
		'deltaY' = 1500

09/06/2014 - 14:42:25
	region_adaptiveThreshold()
		Funcao encontrou regiao com sucesso.

09/06/2014 - 14:42:25
	filter_strip()
		'szWidth' = 5
		'szHeight' = 29
		'deltaX' = 55
		'deltaY' = 1500

09/06/2014 - 14:42:31
	region_adaptiveThreshold()
		Funcao encontrou regiao com sucesso.

09/06/2014 - 14:42:31
	filter_strip()
		'szWidth' = 5
		'szHeight' = 29
		'deltaX' = 55
		'deltaY' = 1500

09/06/2014 - 14:42:39
	region_adaptiveThreshold()
		Funcao encontrou regiao com sucesso.

09/06/2014 - 14:42:39
	filter_strip()
		'szWidth' = 5
		'szHeight' = 29
		'deltaX' = 55
		'deltaY' = 1500

09/06/2014 - 14:42:48
	region_adaptiveThreshold()
		Funcao encontrou regiao com sucesso.

09/06/2014 - 14:42:48
	relation()
		'controlVal' = 172.36
		'testVal' = 164.421

09/06/2014 - 14:42:48
	relation()
		'controlVal' = 172.03
		'testVal' = 164.358

09/06/2014 - 14:42:48
	relation()
		'controlVal' = 171.9
		'testVal' = 164.092

09/06/2014 - 14:42:48
	relation()
		'controlVal' = 172.801
		'testVal' = 163.669

09/06/2014 - 14:42:48
	relation()
		'controlVal' = 171.796
		'testVal' = 165.204

09/06/2014 - 14:42:48
	relation()
		'controlVal' = 172.75
		'testVal' = 165.011

09/06/2014 - 14:42:48
	relation()
		'controlVal' = 172.564
		'testVal' = 163.692

09/06/2014 - 14:42:55
	filter_strip()
		'szWidth' = 5
		'szHeight' = 29
		'deltaX' = 55
		'deltaY' = 1500

09/06/2014 - 14:43:02
	region_adaptiveThreshold()
		Funcao encontrou regiao com sucesso.

09/06/2014 - 14:43:02
	filter_strip()
		'szWidth' = 5
		'szHeight' = 29
		'deltaX' = 55
		'deltaY' = 1500

09/06/2014 - 14:43:05
	region_adaptiveThreshold()
		Funcao encontrou regiao com sucesso.

09/06/2014 - 14:43:05
	filter_strip()
		'szWidth' = 5
		'szHeight' = 29
		'deltaX' = 55
		'deltaY' = 1500

09/06/2014 - 14:43:11
	region_adaptiveThreshold()
		Funcao encontrou regiao com sucesso.

09/06/2014 - 14:43:11
	filter_strip()
		'szWidth' = 5
		'szHeight' = 29
		'deltaX' = 55
		'deltaY' = 1500

09/06/2014 - 14:43:20
	region_adaptiveThreshold()
		Funcao encontrou regiao com sucesso.

09/06/2014 - 14:43:20
	filter_strip()
		'szWidth' = 5
		'szHeight' = 29
		'deltaX' = 55
		'deltaY' = 1500

09/06/2014 - 14:43:27
	region_adaptiveThreshold()
		Funcao encontrou regiao com sucesso.

09/06/2014 - 14:43:27
	filter_strip()
		'szWidth' = 5
		'szHeight' = 29
		'deltaX' = 55
		'deltaY' = 1500

09/06/2014 - 14:43:33
	region_adaptiveThreshold()
		Funcao encontrou regiao com sucesso.

09/06/2014 - 14:43:33
	filter_strip()
		'szWidth' = 5
		'szHeight' = 29
		'deltaX' = 55
		'deltaY' = 1500

09/06/2014 - 14:43:39
	region_adaptiveThreshold()
		Funcao encontrou regiao com sucesso.

09/06/2014 - 14:43:39
	filter_strip()
		'szWidth' = 5
		'szHeight' = 29
		'deltaX' = 55
		'deltaY' = 1500

09/06/2014 - 14:43:41
	region_adaptiveThreshold()
		Funcao encontrou regiao com sucesso.

09/06/2014 - 14:43:41
	filter_strip()
		'szWidth' = 5
		'szHeight' = 29
		'deltaX' = 55
		'deltaY' = 1500

09/06/2014 - 14:43:48
	region_adaptiveThreshold()
		Funcao encontrou regiao com sucesso.

09/06/2014 - 14:43:48
	filter_strip()
		'szWidth' = 5
		'szHeight' = 29
		'deltaX' = 55
		'deltaY' = 1500

09/06/2014 - 14:43:50
	region_adaptiveThreshold()
		Funcao encontrou regiao com sucesso.

09/06/2014 - 14:43:50
	filter_strip()
		'szWidth' = 5
		'szHeight' = 29
		'deltaX' = 55
		'deltaY' = 1500

09/06/2014 - 14:43:57
	region_adaptiveThreshold()
		Funcao encontrou regiao com sucesso.

09/06/2014 - 14:43:57
	filter_strip()
		'szWidth' = 5
		'szHeight' = 29
		'deltaX' = 55
		'deltaY' = 1500

09/06/2014 - 14:44:03
	region_adaptiveThreshold()
		Funcao encontrou regiao com sucesso.

09/06/2014 - 14:44:03
	filter_strip()
		'szWidth' = 5
		'szHeight' = 29
		'deltaX' = 55
		'deltaY' = 1500

09/06/2014 - 14:44:10
	region_adaptiveThreshold()
		Funcao encontrou regiao com sucesso.

09/06/2014 - 14:44:10
	filter_strip()
		'szWidth' = 5
		'szHeight' = 29
		'deltaX' = 55
		'deltaY' = 1500

09/06/2014 - 14:44:17
	region_adaptiveThreshold()
		Funcao encontrou regiao com sucesso.

09/06/2014 - 14:44:17
	relation()
		'controlVal' = 184.392
		'testVal' = 165.843

09/06/2014 - 14:44:17
	relation()
		'controlVal' = 184.621
		'testVal' = 166.064

09/06/2014 - 14:44:17
	relation()
		'controlVal' = 185.577
		'testVal' = 166.132

09/06/2014 - 14:44:17
	relation()
		'controlVal' = 184.469
		'testVal' = 165.625

09/06/2014 - 14:44:17
	relation()
		'controlVal' = 185.283
		'testVal' = 165.432

09/06/2014 - 14:44:17
	relation()
		'controlVal' = 184.863
		'testVal' = 165.954

09/06/2014 - 14:44:17
	relation()
		'controlVal' = 184.758
		'testVal' = 166.144

09/06/2014 - 14:44:17
	ShapeSimple::deleteRegions()
		Regioes deletadas com sucesso.

08/07/2014 - 12:44:51
	enableKey()
		A licensa do programa foi validada com sucesso.

08/07/2014 - 12:44:54
	VideoCapture::listCameras()
		O programa encerrou com erro.

08/07/2014 - 12:45:11
	enableKey()
		A licensa do programa foi validada com sucesso.

08/07/2014 - 12:45:11
	VideoCapture::listCameras()
		O programa encerrou com erro.

08/07/2014 - 12:48:19
	enableKey()
		A licensa do programa foi validada com sucesso.

08/07/2014 - 12:49:24
	ShapeSimple::setBordersAspect()
		Aspecto da borda trocada com sucesso.

08/07/2014 - 12:49:40
	MOUSE_CALLBACKS::drawingRegion()
		Botao esquerdo pressionado.

08/07/2014 - 12:49:43
	MOUSE_CALLBACKS::drawingRegion()
		Botao esquerdo pressionado.

08/07/2014 - 12:49:43
	MOUSE_CALLBACKS::drawingRegion()
		Botao esquerdo pressionado.

08/07/2014 - 12:49:44
	MOUSE_CALLBACKS::drawingRegion()
		Botao esquerdo pressionado.

08/07/2014 - 12:49:45
	ShapeSimple::createRegions()
		Regiao de controle criada com sucesso.

08/07/2014 - 12:49:45
	MOUSE_CALLBACKS::drawingRegion()
		Botao direito pressionado.

08/07/2014 - 12:49:45
	MOUSE_CALLBACKS::drawingRegion()
		Botao esquerdo pressionado.

08/07/2014 - 12:49:46
	MOUSE_CALLBACKS::drawingRegion()
		Botao esquerdo pressionado.

08/07/2014 - 12:49:46
	MOUSE_CALLBACKS::drawingRegion()
		Botao esquerdo pressionado.

08/07/2014 - 12:49:46
	MOUSE_CALLBACKS::drawingRegion()
		Botao esquerdo pressionado.

08/07/2014 - 12:49:47
	ShapeSimple::createRegions()
		Regioes e identificadores setados com sucesso.

08/07/2014 - 12:49:47
	MOUSE_CALLBACKS::drawingRegion()
		Botao direito pressionado.

08/07/2014 - 12:50:23
	enableKey()
		A licensa do programa foi validada com sucesso.

08/07/2014 - 12:50:27
	ShapeSimple::setBordersAspect()
		Aspecto da borda trocada com sucesso.

08/07/2014 - 12:50:30
	MOUSE_CALLBACKS::drawingRegion()
		Botao esquerdo pressionado.

08/07/2014 - 12:50:30
	MOUSE_CALLBACKS::drawingRegion()
		Botao esquerdo pressionado.

08/07/2014 - 12:50:30
	MOUSE_CALLBACKS::drawingRegion()
		Botao esquerdo pressionado.

08/07/2014 - 12:50:31
	MOUSE_CALLBACKS::drawingRegion()
		Botao esquerdo pressionado.

08/07/2014 - 12:50:31
	ShapeSimple::createRegions()
		Regiao de controle criada com sucesso.

08/07/2014 - 12:50:31
	MOUSE_CALLBACKS::drawingRegion()
		Botao direito pressionado.

08/07/2014 - 12:50:32
	MOUSE_CALLBACKS::drawingRegion()
		Botao esquerdo pressionado.

08/07/2014 - 12:50:32
	MOUSE_CALLBACKS::drawingRegion()
		Botao esquerdo pressionado.

08/07/2014 - 12:50:33
	MOUSE_CALLBACKS::drawingRegion()
		Botao esquerdo pressionado.

08/07/2014 - 12:50:33
	ShapeSimple::createRegions()
		Regioes e identificadores setados com sucesso.

08/07/2014 - 12:50:33
	MOUSE_CALLBACKS::drawingRegion()
		Botao direito pressionado.

08/07/2014 - 12:53:15
	enableKey()
		A licensa do programa foi validada com sucesso.

08/07/2014 - 12:53:20
	ShapeSimple::setBordersAspect()
		Aspecto da borda trocada com sucesso.

08/07/2014 - 12:53:22
	MOUSE_CALLBACKS::drawingRegion()
		Botao esquerdo pressionado.

08/07/2014 - 12:53:23
	MOUSE_CALLBACKS::drawingRegion()
		Botao esquerdo pressionado.

08/07/2014 - 12:53:23
	MOUSE_CALLBACKS::drawingRegion()
		Botao esquerdo pressionado.

08/07/2014 - 12:53:23
	MOUSE_CALLBACKS::drawingRegion()
		Botao esquerdo pressionado.

08/07/2014 - 12:53:23
	ShapeSimple::createRegions()
		Regiao de controle criada com sucesso.

08/07/2014 - 12:53:23
	MOUSE_CALLBACKS::drawingRegion()
		Botao direito pressionado.

08/07/2014 - 12:53:24
	MOUSE_CALLBACKS::drawingRegion()
		Botao esquerdo pressionado.

08/07/2014 - 12:53:24
	MOUSE_CALLBACKS::drawingRegion()
		Botao esquerdo pressionado.

08/07/2014 - 12:53:24
	MOUSE_CALLBACKS::drawingRegion()
		Botao esquerdo pressionado.

08/07/2014 - 12:53:25
	ShapeSimple::createRegions()
		Regioes e identificadores setados com sucesso.

08/07/2014 - 12:53:25
	MOUSE_CALLBACKS::drawingRegion()
		Botao direito pressionado.

08/07/2014 - 12:54:35
	enableKey()
		A licensa do programa foi validada com sucesso.

08/07/2014 - 12:54:40
	ShapeSimple::setBordersAspect()
		Aspecto da borda trocada com sucesso.

08/07/2014 - 12:54:43
	MOUSE_CALLBACKS::drawingRegion()
		Botao esquerdo pressionado.

08/07/2014 - 12:54:43
	MOUSE_CALLBACKS::drawingRegion()
		Botao esquerdo pressionado.

08/07/2014 - 12:54:44
	MOUSE_CALLBACKS::drawingRegion()
		Botao esquerdo pressionado.

08/07/2014 - 12:54:44
	MOUSE_CALLBACKS::drawingRegion()
		Botao esquerdo pressionado.

08/07/2014 - 12:54:44
	ShapeSimple::createRegions()
		Regiao de controle criada com sucesso.

08/07/2014 - 12:54:44
	MOUSE_CALLBACKS::drawingRegion()
		Botao direito pressionado.

08/07/2014 - 12:54:45
	MOUSE_CALLBACKS::drawingRegion()
		Botao esquerdo pressionado.

08/07/2014 - 12:54:45
	MOUSE_CALLBACKS::drawingRegion()
		Botao esquerdo pressionado.

08/07/2014 - 12:54:45
	MOUSE_CALLBACKS::drawingRegion()
		Botao esquerdo pressionado.

08/07/2014 - 12:54:46
	MOUSE_CALLBACKS::drawingRegion()
		Botao esquerdo pressionado.

08/07/2014 - 12:54:46
	ShapeSimple::createRegions()
		Regioes e identificadores setados com sucesso.

08/07/2014 - 12:54:46
	MOUSE_CALLBACKS::drawingRegion()
		Botao direito pressionado.

08/07/2014 - 12:55:25
	enableKey()
		A licensa do programa foi validada com sucesso.

08/07/2014 - 12:55:30
	ShapeSimple::setBordersAspect()
		Aspecto da borda trocada com sucesso.

08/07/2014 - 12:55:33
	MOUSE_CALLBACKS::drawingRegion()
		Botao esquerdo pressionado.

08/07/2014 - 12:55:33
	MOUSE_CALLBACKS::drawingRegion()
		Botao esquerdo pressionado.

08/07/2014 - 12:55:33
	MOUSE_CALLBACKS::drawingRegion()
		Botao esquerdo pressionado.

08/07/2014 - 12:55:33
	MOUSE_CALLBACKS::drawingRegion()
		Botao esquerdo pressionado.

08/07/2014 - 12:55:34
	ShapeSimple::createRegions()
		Regiao de controle criada com sucesso.

08/07/2014 - 12:55:34
	MOUSE_CALLBACKS::drawingRegion()
		Botao direito pressionado.

08/07/2014 - 12:55:34
	MOUSE_CALLBACKS::drawingRegion()
		Botao esquerdo pressionado.

08/07/2014 - 12:55:34
	MOUSE_CALLBACKS::drawingRegion()
		Botao esquerdo pressionado.

08/07/2014 - 12:55:35
	MOUSE_CALLBACKS::drawingRegion()
		Botao esquerdo pressionado.

08/07/2014 - 12:55:35
	MOUSE_CALLBACKS::drawingRegion()
		Botao esquerdo pressionado.

08/07/2014 - 12:55:35
	ShapeSimple::createRegions()
		Regioes e identificadores setados com sucesso.

08/07/2014 - 12:55:35
	MOUSE_CALLBACKS::drawingRegion()
		Botao direito pressionado.

08/07/2014 - 12:57:32
	enableKey()
		A licensa do programa foi validada com sucesso.

08/07/2014 - 12:57:37
	ShapeSimple::setBordersAspect()
		Aspecto da borda trocada com sucesso.

09/07/2014 - 11:54:22
	enableKey()
		A licensa do programa foi validada com sucesso.

09/07/2014 - 11:55:52
	ShapeSimple::setBordersAspect()
		Aspecto da borda trocada com sucesso.

09/07/2014 - 11:55:57
	MOUSE_CALLBACKS::drawingRegion()
		Botao esquerdo pressionado.

09/07/2014 - 11:55:57
	MOUSE_CALLBACKS::drawingRegion()
		Botao esquerdo pressionado.

09/07/2014 - 11:55:57
	MOUSE_CALLBACKS::drawingRegion()
		Botao esquerdo pressionado.

09/07/2014 - 11:55:58
	MOUSE_CALLBACKS::drawingRegion()
		Botao esquerdo pressionado.

09/07/2014 - 11:55:58
	ShapeSimple::createRegions()
		Regiao de controle criada com sucesso.

09/07/2014 - 11:55:58
	MOUSE_CALLBACKS::drawingRegion()
		Botao direito pressionado.

09/07/2014 - 11:55:58
	MOUSE_CALLBACKS::drawingRegion()
		Botao esquerdo pressionado.

09/07/2014 - 11:55:59
	MOUSE_CALLBACKS::drawingRegion()
		Botao esquerdo pressionado.

09/07/2014 - 11:55:59
	MOUSE_CALLBACKS::drawingRegion()
		Botao esquerdo pressionado.

09/07/2014 - 11:55:59
	MOUSE_CALLBACKS::drawingRegion()
		Botao esquerdo pressionado.

09/07/2014 - 11:56:00
	ShapeSimple::createRegions()
		Regioes e identificadores setados com sucesso.

09/07/2014 - 11:56:00
	MOUSE_CALLBACKS::drawingRegion()
		Botao direito pressionado.

09/07/2014 - 11:56:01
	ShapeSimple::setBordersAspect()
		Aspecto da borda trocada com sucesso.

09/07/2014 - 11:56:04
	MOUSE_CALLBACKS::drawingRegion()
		Botao esquerdo pressionado.

09/07/2014 - 11:56:05
	MOUSE_CALLBACKS::drawingRegion()
		Botao esquerdo pressionado.

09/07/2014 - 11:56:05
	MOUSE_CALLBACKS::drawingRegion()
		Botao esquerdo pressionado.

09/07/2014 - 11:56:06
	MOUSE_CALLBACKS::drawingRegion()
		Botao esquerdo pressionado.

09/07/2014 - 11:56:06
	MOUSE_CALLBACKS::drawingRegion()
		Botao esquerdo pressionado.

09/07/2014 - 11:56:06
	ShapeSimple::createRegions()
		Regiao de controle criada com sucesso.

09/07/2014 - 11:56:06
	MOUSE_CALLBACKS::drawingRegion()
		Botao direito pressionado.

09/07/2014 - 11:56:07
	MOUSE_CALLBACKS::drawingRegion()
		Botao esquerdo pressionado.

09/07/2014 - 11:56:08
	MOUSE_CALLBACKS::drawingRegion()
		Botao esquerdo pressionado.

09/07/2014 - 11:56:08
	MOUSE_CALLBACKS::drawingRegion()
		Botao esquerdo pressionado.

09/07/2014 - 11:56:08
	MOUSE_CALLBACKS::drawingRegion()
		Botao esquerdo pressionado.

09/07/2014 - 11:56:09
	ShapeSimple::createRegions()
		Regioes e identificadores setados com sucesso.

09/07/2014 - 11:56:09
	MOUSE_CALLBACKS::drawingRegion()
		Botao direito pressionado.

09/07/2014 - 11:56:09
	ShapeSimple::deleteRegions()
		Regioes deletadas com sucesso.

09/07/2014 - 11:56:10
	MOUSE_CALLBACKS::drawingRegion()
		Botao esquerdo pressionado.

09/07/2014 - 11:56:10
	MOUSE_CALLBACKS::drawingRegion()
		Botao esquerdo pressionado.

09/07/2014 - 11:56:10
	MOUSE_CALLBACKS::drawingRegion()
		Botao esquerdo pressionado.

09/07/2014 - 11:56:11
	MOUSE_CALLBACKS::drawingRegion()
		Botao esquerdo pressionado.

09/07/2014 - 11:56:11
	ShapeSimple::createRegions()
		Regiao de controle criada com sucesso.

09/07/2014 - 11:56:11
	MOUSE_CALLBACKS::drawingRegion()
		Botao direito pressionado.

09/07/2014 - 11:56:12
	MOUSE_CALLBACKS::drawingRegion()
		Botao esquerdo pressionado.

09/07/2014 - 11:56:12
	MOUSE_CALLBACKS::drawingRegion()
		Botao esquerdo pressionado.

09/07/2014 - 11:56:12
	MOUSE_CALLBACKS::drawingRegion()
		Botao esquerdo pressionado.

09/07/2014 - 11:56:13
	MOUSE_CALLBACKS::drawingRegion()
		Botao esquerdo pressionado.

09/07/2014 - 11:56:13
	ShapeSimple::createRegions()
		Regioes e identificadores setados com sucesso.

09/07/2014 - 11:56:13
	MOUSE_CALLBACKS::drawingRegion()
		Botao direito pressionado.

09/07/2014 - 11:56:13
	ShapeSimple::deleteRegions()
		Regioes deletadas com sucesso.

09/07/2014 - 11:56:15
	MOUSE_CALLBACKS::drawingRegion()
		Botao esquerdo pressionado.

09/07/2014 - 11:56:16
	MOUSE_CALLBACKS::drawingRegion()
		Botao esquerdo pressionado.

09/07/2014 - 11:56:16
	MOUSE_CALLBACKS::drawingRegion()
		Botao esquerdo pressionado.

09/07/2014 - 11:56:16
	MOUSE_CALLBACKS::drawingRegion()
		Botao esquerdo pressionado.

09/07/2014 - 11:56:17
	ShapeSimple::createRegions()
		Regiao de controle criada com sucesso.

09/07/2014 - 11:56:17
	MOUSE_CALLBACKS::drawingRegion()
		Botao direito pressionado.

09/07/2014 - 11:56:17
	MOUSE_CALLBACKS::drawingRegion()
		Botao esquerdo pressionado.

09/07/2014 - 11:56:18
	MOUSE_CALLBACKS::drawingRegion()
		Botao esquerdo pressionado.

09/07/2014 - 11:56:18
	MOUSE_CALLBACKS::drawingRegion()
		Botao esquerdo pressionado.

09/07/2014 - 11:56:18
	MOUSE_CALLBACKS::drawingRegion()
		Botao esquerdo pressionado.

09/07/2014 - 11:56:19
	ShapeSimple::createRegions()
		Regioes e identificadores setados com sucesso.

09/07/2014 - 11:56:19
	MOUSE_CALLBACKS::drawingRegion()
		Botao direito pressionado.

09/07/2014 - 11:56:19
	ShapeSimple::deleteRegions()
		Regioes deletadas com sucesso.

09/07/2014 - 11:57:39
	enableKey()
		A licensa do programa foi validada com sucesso.

09/07/2014 - 11:57:44
	ShapeSimple::setBordersAspect()
		Aspecto da borda trocada com sucesso.

09/07/2014 - 11:57:47
	MOUSE_CALLBACKS::drawingRegion()
		Botao esquerdo pressionado.

09/07/2014 - 11:57:47
	MOUSE_CALLBACKS::drawingRegion()
		Botao esquerdo pressionado.

09/07/2014 - 11:57:48
	MOUSE_CALLBACKS::drawingRegion()
		Botao esquerdo pressionado.

09/07/2014 - 11:57:48
	MOUSE_CALLBACKS::drawingRegion()
		Botao esquerdo pressionado.

09/07/2014 - 11:57:48
	ShapeSimple::createRegions()
		Regiao de controle criada com sucesso.

09/07/2014 - 11:57:48
	MOUSE_CALLBACKS::drawingRegion()
		Botao direito pressionado.

09/07/2014 - 11:57:49
	MOUSE_CALLBACKS::drawingRegion()
		Botao esquerdo pressionado.

09/07/2014 - 11:57:49
	MOUSE_CALLBACKS::drawingRegion()
		Botao esquerdo pressionado.

09/07/2014 - 11:57:49
	MOUSE_CALLBACKS::drawingRegion()
		Botao esquerdo pressionado.

09/07/2014 - 11:57:50
	MOUSE_CALLBACKS::drawingRegion()
		Botao esquerdo pressionado.

09/07/2014 - 11:57:50
	ShapeSimple::createRegions()
		Regioes e identificadores setados com sucesso.

09/07/2014 - 11:57:50
	MOUSE_CALLBACKS::drawingRegion()
		Botao direito pressionado.

09/07/2014 - 11:57:52
	ShapeSimple::setBordersAspect()
		Aspecto da borda trocada com sucesso.

09/07/2014 - 11:57:54
	MOUSE_CALLBACKS::drawingRegion()
		Botao esquerdo pressionado.

09/07/2014 - 11:57:54
	MOUSE_CALLBACKS::drawingRegion()
		Botao esquerdo pressionado.

09/07/2014 - 11:57:55
	MOUSE_CALLBACKS::drawingRegion()
		Botao esquerdo pressionado.

09/07/2014 - 11:57:56
	MOUSE_CALLBACKS::drawingRegion()
		Botao esquerdo pressionado.

09/07/2014 - 11:57:56
	ShapeSimple::createRegions()
		Regiao de controle criada com sucesso.

09/07/2014 - 11:57:56
	MOUSE_CALLBACKS::drawingRegion()
		Botao direito pressionado.

09/07/2014 - 11:57:57
	MOUSE_CALLBACKS::drawingRegion()
		Botao esquerdo pressionado.

09/07/2014 - 11:57:57
	MOUSE_CALLBACKS::drawingRegion()
		Botao esquerdo pressionado.

09/07/2014 - 11:57:58
	MOUSE_CALLBACKS::drawingRegion()
		Botao esquerdo pressionado.

09/07/2014 - 11:57:58
	MOUSE_CALLBACKS::drawingRegion()
		Botao esquerdo pressionado.

09/07/2014 - 11:57:58
	ShapeSimple::createRegions()
		Regioes e identificadores setados com sucesso.

09/07/2014 - 11:57:58
	MOUSE_CALLBACKS::drawingRegion()
		Botao direito pressionado.

09/07/2014 - 11:57:58
	ShapeSimple::deleteRegions()
		Regioes deletadas com sucesso.

09/07/2014 - 11:58:07
	MOUSE_CALLBACKS::drawingRegion()
		Botao esquerdo pressionado.

09/07/2014 - 11:58:07
	MOUSE_CALLBACKS::drawingRegion()
		Botao esquerdo pressionado.

09/07/2014 - 11:58:07
	MOUSE_CALLBACKS::drawingRegion()
		Botao esquerdo pressionado.

09/07/2014 - 11:58:08
	MOUSE_CALLBACKS::drawingRegion()
		Botao esquerdo pressionado.

09/07/2014 - 11:58:08
	ShapeSimple::createRegions()
		Regiao de controle criada com sucesso.

09/07/2014 - 11:58:08
	MOUSE_CALLBACKS::drawingRegion()
		Botao direito pressionado.

09/07/2014 - 11:58:09
	MOUSE_CALLBACKS::drawingRegion()
		Botao esquerdo pressionado.

09/07/2014 - 11:58:09
	MOUSE_CALLBACKS::drawingRegion()
		Botao esquerdo pressionado.

09/07/2014 - 11:58:09
	MOUSE_CALLBACKS::drawingRegion()
		Botao esquerdo pressionado.

09/07/2014 - 11:58:09
	MOUSE_CALLBACKS::drawingRegion()
		Botao esquerdo pressionado.

09/07/2014 - 11:58:10
	ShapeSimple::createRegions()
		Regioes e identificadores setados com sucesso.

09/07/2014 - 11:58:10
	MOUSE_CALLBACKS::drawingRegion()
		Botao direito pressionado.

09/07/2014 - 11:58:10
	ShapeSimple::deleteRegions()
		Regioes deletadas com sucesso.

09/07/2014 - 11:58:11
	MOUSE_CALLBACKS::drawingRegion()
		Botao esquerdo pressionado.

09/07/2014 - 11:58:11
	MOUSE_CALLBACKS::drawingRegion()
		Botao esquerdo pressionado.

09/07/2014 - 11:58:11
	MOUSE_CALLBACKS::drawingRegion()
		Botao esquerdo pressionado.

09/07/2014 - 11:58:11
	MOUSE_CALLBACKS::drawingRegion()
		Botao esquerdo pressionado.

09/07/2014 - 11:58:12
	ShapeSimple::createRegions()
		Regiao de controle criada com sucesso.

09/07/2014 - 11:58:12
	MOUSE_CALLBACKS::drawingRegion()
		Botao direito pressionado.

09/07/2014 - 11:58:12
	MOUSE_CALLBACKS::drawingRegion()
		Botao esquerdo pressionado.

09/07/2014 - 11:58:13
	MOUSE_CALLBACKS::drawingRegion()
		Botao esquerdo pressionado.

09/07/2014 - 11:58:13
	MOUSE_CALLBACKS::drawingRegion()
		Botao esquerdo pressionado.

09/07/2014 - 11:58:13
	MOUSE_CALLBACKS::drawingRegion()
		Botao esquerdo pressionado.

09/07/2014 - 11:58:13
	ShapeSimple::createRegions()
		Regioes e identificadores setados com sucesso.

09/07/2014 - 11:58:13
	MOUSE_CALLBACKS::drawingRegion()
		Botao direito pressionado.

09/07/2014 - 11:58:13
	ShapeSimple::deleteRegions()
		Regioes deletadas com sucesso.

09/07/2014 - 11:58:15
	MOUSE_CALLBACKS::drawingRegion()
		Botao esquerdo pressionado.

09/07/2014 - 11:58:15
	MOUSE_CALLBACKS::drawingRegion()
		Botao esquerdo pressionado.

09/07/2014 - 11:58:15
	MOUSE_CALLBACKS::drawingRegion()
		Botao esquerdo pressionado.

09/07/2014 - 11:58:15
	MOUSE_CALLBACKS::drawingRegion()
		Botao esquerdo pressionado.

09/07/2014 - 11:58:16
	ShapeSimple::createRegions()
		Regiao de controle criada com sucesso.

09/07/2014 - 11:58:16
	MOUSE_CALLBACKS::drawingRegion()
		Botao direito pressionado.

09/07/2014 - 11:58:16
	MOUSE_CALLBACKS::drawingRegion()
		Botao esquerdo pressionado.

09/07/2014 - 11:58:17
	MOUSE_CALLBACKS::drawingRegion()
		Botao esquerdo pressionado.

09/07/2014 - 11:58:17
	MOUSE_CALLBACKS::drawingRegion()
		Botao esquerdo pressionado.

09/07/2014 - 11:58:17
	MOUSE_CALLBACKS::drawingRegion()
		Botao esquerdo pressionado.

09/07/2014 - 11:58:17
	ShapeSimple::createRegions()
		Regioes e identificadores setados com sucesso.

09/07/2014 - 11:58:17
	MOUSE_CALLBACKS::drawingRegion()
		Botao direito pressionado.

09/07/2014 - 11:58:17
	ShapeSimple::deleteRegions()
		Regioes deletadas com sucesso.

09/07/2014 - 11:58:18
	MOUSE_CALLBACKS::drawingRegion()
		Botao esquerdo pressionado.

09/07/2014 - 11:58:18
	MOUSE_CALLBACKS::drawingRegion()
		Botao esquerdo pressionado.

09/07/2014 - 11:58:19
	MOUSE_CALLBACKS::drawingRegion()
		Botao esquerdo pressionado.

09/07/2014 - 11:58:19
	MOUSE_CALLBACKS::drawingRegion()
		Botao esquerdo pressionado.

09/07/2014 - 11:58:19
	ShapeSimple::createRegions()
		Regiao de controle criada com sucesso.

09/07/2014 - 11:58:19
	MOUSE_CALLBACKS::drawingRegion()
		Botao direito pressionado.

09/07/2014 - 11:58:20
	MOUSE_CALLBACKS::drawingRegion()
		Botao esquerdo pressionado.

09/07/2014 - 11:58:20
	MOUSE_CALLBACKS::drawingRegion()
		Botao esquerdo pressionado.

09/07/2014 - 11:58:20
	MOUSE_CALLBACKS::drawingRegion()
		Botao esquerdo pressionado.

09/07/2014 - 11:58:21
	MOUSE_CALLBACKS::drawingRegion()
		Botao esquerdo pressionado.

09/07/2014 - 11:58:21
	ShapeSimple::createRegions()
		Regioes e identificadores setados com sucesso.

09/07/2014 - 11:58:21
	MOUSE_CALLBACKS::drawingRegion()
		Botao direito pressionado.

09/07/2014 - 11:58:21
	ShapeSimple::deleteRegions()
		Regioes deletadas com sucesso.

09/07/2014 - 12:07:19
	enableKey()
		A licensa do programa foi validada com sucesso.

09/07/2014 - 12:07:24
	ShapeSimple::setBordersAspect()
		Aspecto da borda trocada com sucesso.

09/07/2014 - 12:07:27
	MOUSE_CALLBACKS::drawingRegion()
		Botao esquerdo pressionado.

09/07/2014 - 12:07:28
	MOUSE_CALLBACKS::drawingRegion()
		Botao esquerdo pressionado.

09/07/2014 - 12:07:28
	MOUSE_CALLBACKS::drawingRegion()
		Botao esquerdo pressionado.

09/07/2014 - 12:07:28
	MOUSE_CALLBACKS::drawingRegion()
		Botao esquerdo pressionado.

09/07/2014 - 12:07:29
	ShapeSimple::createRegions()
		Regiao de controle criada com sucesso.

09/07/2014 - 12:07:29
	MOUSE_CALLBACKS::drawingRegion()
		Botao direito pressionado.

09/07/2014 - 12:07:29
	MOUSE_CALLBACKS::drawingRegion()
		Botao esquerdo pressionado.

09/07/2014 - 12:07:30
	MOUSE_CALLBACKS::drawingRegion()
		Botao esquerdo pressionado.

09/07/2014 - 12:07:30
	MOUSE_CALLBACKS::drawingRegion()
		Botao esquerdo pressionado.

09/07/2014 - 12:07:30
	MOUSE_CALLBACKS::drawingRegion()
		Botao esquerdo pressionado.

09/07/2014 - 12:07:30
	ShapeSimple::createRegions()
		Regioes e identificadores setados com sucesso.

09/07/2014 - 12:07:30
	MOUSE_CALLBACKS::drawingRegion()
		Botao direito pressionado.

09/07/2014 - 12:07:32
	ShapeSimple::setBordersAspect()
		Aspecto da borda trocada com sucesso.

09/07/2014 - 12:07:34
	MOUSE_CALLBACKS::drawingRegion()
		Botao esquerdo pressionado.

09/07/2014 - 12:07:34
	MOUSE_CALLBACKS::drawingRegion()
		Botao esquerdo pressionado.

09/07/2014 - 12:07:35
	MOUSE_CALLBACKS::drawingRegion()
		Botao esquerdo pressionado.

09/07/2014 - 12:07:36
	MOUSE_CALLBACKS::drawingRegion()
		Botao esquerdo pressionado.

09/07/2014 - 12:07:36
	ShapeSimple::createRegions()
		Regiao de controle criada com sucesso.

09/07/2014 - 12:07:36
	MOUSE_CALLBACKS::drawingRegion()
		Botao direito pressionado.

09/07/2014 - 12:07:38
	MOUSE_CALLBACKS::drawingRegion()
		Botao esquerdo pressionado.

09/07/2014 - 12:07:38
	MOUSE_CALLBACKS::drawingRegion()
		Botao esquerdo pressionado.

09/07/2014 - 12:07:39
	MOUSE_CALLBACKS::drawingRegion()
		Botao esquerdo pressionado.

09/07/2014 - 12:07:39
	MOUSE_CALLBACKS::drawingRegion()
		Botao esquerdo pressionado.

09/07/2014 - 12:07:40
	ShapeSimple::createRegions()
		Regioes e identificadores setados com sucesso.

09/07/2014 - 12:07:40
	MOUSE_CALLBACKS::drawingRegion()
		Botao direito pressionado.

09/07/2014 - 12:07:40
	ShapeSimple::deleteRegions()
		Regioes deletadas com sucesso.

09/07/2014 - 12:07:42
	MOUSE_CALLBACKS::drawingRegion()
		Botao esquerdo pressionado.

09/07/2014 - 12:07:43
	MOUSE_CALLBACKS::drawingRegion()
		Botao esquerdo pressionado.

09/07/2014 - 12:07:43
	MOUSE_CALLBACKS::drawingRegion()
		Botao esquerdo pressionado.

09/07/2014 - 12:07:44
	MOUSE_CALLBACKS::drawingRegion()
		Botao esquerdo pressionado.

09/07/2014 - 12:07:44
	ShapeSimple::createRegions()
		Regiao de controle criada com sucesso.

09/07/2014 - 12:07:44
	MOUSE_CALLBACKS::drawingRegion()
		Botao direito pressionado.

09/07/2014 - 12:07:45
	MOUSE_CALLBACKS::drawingRegion()
		Botao esquerdo pressionado.

09/07/2014 - 12:07:45
	MOUSE_CALLBACKS::drawingRegion()
		Botao esquerdo pressionado.

09/07/2014 - 12:07:46
	MOUSE_CALLBACKS::drawingRegion()
		Botao esquerdo pressionado.

09/07/2014 - 12:07:46
	MOUSE_CALLBACKS::drawingRegion()
		Botao esquerdo pressionado.

09/07/2014 - 12:07:46
	ShapeSimple::createRegions()
		Regioes e identificadores setados com sucesso.

09/07/2014 - 12:07:46
	MOUSE_CALLBACKS::drawingRegion()
		Botao direito pressionado.

09/07/2014 - 12:07:46
	ShapeSimple::deleteRegions()
		Regioes deletadas com sucesso.

09/07/2014 - 12:07:56
	MOUSE_CALLBACKS::drawingRegion()
		Botao esquerdo pressionado.

09/07/2014 - 12:07:58
	MOUSE_CALLBACKS::drawingRegion()
		Botao esquerdo pressionado.

09/07/2014 - 12:07:58
	MOUSE_CALLBACKS::drawingRegion()
		Botao esquerdo pressionado.

09/07/2014 - 12:07:59
	MOUSE_CALLBACKS::drawingRegion()
		Botao esquerdo pressionado.

09/07/2014 - 12:07:59
	ShapeSimple::createRegions()
		Regiao de controle criada com sucesso.

09/07/2014 - 12:07:59
	MOUSE_CALLBACKS::drawingRegion()
		Botao direito pressionado.

09/07/2014 - 12:08:00
	MOUSE_CALLBACKS::drawingRegion()
		Botao esquerdo pressionado.

09/07/2014 - 12:08:01
	MOUSE_CALLBACKS::drawingRegion()
		Botao esquerdo pressionado.

09/07/2014 - 12:08:01
	MOUSE_CALLBACKS::drawingRegion()
		Botao esquerdo pressionado.

09/07/2014 - 12:08:02
	MOUSE_CALLBACKS::drawingRegion()
		Botao esquerdo pressionado.

09/07/2014 - 12:08:02
	ShapeSimple::createRegions()
		Regioes e identificadores setados com sucesso.

09/07/2014 - 12:08:02
	MOUSE_CALLBACKS::drawingRegion()
		Botao direito pressionado.

09/07/2014 - 12:08:02
	ShapeSimple::deleteRegions()
		Regioes deletadas com sucesso.

09/07/2014 - 12:08:04
	MOUSE_CALLBACKS::drawingRegion()
		Botao esquerdo pressionado.

09/07/2014 - 12:08:05
	MOUSE_CALLBACKS::drawingRegion()
		Botao esquerdo pressionado.

09/07/2014 - 12:08:05
	MOUSE_CALLBACKS::drawingRegion()
		Botao esquerdo pressionado.

09/07/2014 - 12:08:05
	MOUSE_CALLBACKS::drawingRegion()
		Botao esquerdo pressionado.

09/07/2014 - 12:08:06
	ShapeSimple::createRegions()
		Regiao de controle criada com sucesso.

09/07/2014 - 12:08:06
	MOUSE_CALLBACKS::drawingRegion()
		Botao direito pressionado.

09/07/2014 - 12:08:06
	MOUSE_CALLBACKS::drawingRegion()
		Botao esquerdo pressionado.

09/07/2014 - 12:08:06
	MOUSE_CALLBACKS::drawingRegion()
		Botao esquerdo pressionado.

09/07/2014 - 12:08:07
	MOUSE_CALLBACKS::drawingRegion()
		Botao esquerdo pressionado.

09/07/2014 - 12:08:07
	MOUSE_CALLBACKS::drawingRegion()
		Botao esquerdo pressionado.

09/07/2014 - 12:08:07
	ShapeSimple::createRegions()
		Regioes e identificadores setados com sucesso.

09/07/2014 - 12:08:07
	MOUSE_CALLBACKS::drawingRegion()
		Botao direito pressionado.

09/07/2014 - 12:08:07
	ShapeSimple::deleteRegions()
		Regioes deletadas com sucesso.

01/08/2014 - 15:09:24
	enableKey()
		A licensa do programa foi validada com sucesso.

01/08/2014 - 15:09:24
	VideoCapture::listCameras()
		O programa encerrou com erro.

01/08/2014 - 15:21:30
	enableKey()
		A licensa do programa foi validada com sucesso.

04/08/2014 - 13:40:04
	enableKey()
		A licensa do programa foi validada com sucesso.

04/08/2014 - 13:41:59
	enableKey()
		A licensa do programa foi validada com sucesso.

04/08/2014 - 13:42:44
	enableKey()
		A licensa do programa foi validada com sucesso.

04/08/2014 - 13:43:41
	enableKey()
		A licensa do programa foi validada com sucesso.

04/08/2014 - 13:44:23
	enableKey()
		A licensa do programa foi validada com sucesso.

04/08/2014 - 13:45:17
	enableKey()
		A licensa do programa foi validada com sucesso.

04/08/2014 - 13:46:29
	enableKey()
		A licensa do programa foi validada com sucesso.

04/08/2014 - 13:47:54
	enableKey()
		A licensa do programa foi validada com sucesso.

04/08/2014 - 13:50:08
	enableKey()
		A licensa do programa foi validada com sucesso.

04/08/2014 - 13:55:20
	enableKey()
		A licensa do programa foi validada com sucesso.

04/08/2014 - 14:08:54
	enableKey()
		A licensa do programa foi validada com sucesso.

04/08/2014 - 14:10:07
	enableKey()
		A licensa do programa foi validada com sucesso.

04/08/2014 - 14:14:24
	enableKey()
		A licensa do programa foi validada com sucesso.

04/08/2014 - 14:17:22
	enableKey()
		A licensa do programa foi validada com sucesso.

04/08/2014 - 14:27:45
	enableKey()
		A licensa do programa foi validada com sucesso.

04/08/2014 - 14:28:44
	enableKey()
		A licensa do programa foi validada com sucesso.

04/08/2014 - 14:57:19
	enableKey()
		A licensa do programa foi validada com sucesso.

04/08/2014 - 14:58:41
	enableKey()
		A licensa do programa foi validada com sucesso.

04/08/2014 - 15:00:09
	enableKey()
		A licensa do programa foi validada com sucesso.

04/08/2014 - 15:00:42
	ShapeSimple::setBordersAspect()
		Aspecto da borda trocada com sucesso.

04/08/2014 - 15:02:09
	enableKey()
		A licensa do programa foi validada com sucesso.

04/08/2014 - 15:03:16
	enableKey()
		A licensa do programa foi validada com sucesso.

04/08/2014 - 15:03:23
	ShapeSimple::setBordersAspect()
		Aspecto da borda trocada com sucesso.

04/08/2014 - 15:03:29
	MOUSE_CALLBACKS::drawingRegion()
		Botao esquerdo pressionado.

04/08/2014 - 15:03:30
	MOUSE_CALLBACKS::drawingRegion()
		Botao esquerdo pressionado.

04/08/2014 - 15:03:31
	MOUSE_CALLBACKS::drawingRegion()
		Botao esquerdo pressionado.

04/08/2014 - 15:03:32
	MOUSE_CALLBACKS::drawingRegion()
		Botao esquerdo pressionado.

04/08/2014 - 15:03:33
	MOUSE_CALLBACKS::drawingRegion()
		Botao esquerdo pressionado.

04/08/2014 - 15:03:33
	ShapeSimple::createRegions()
		Regiao de controle criada com sucesso.

04/08/2014 - 15:03:33
	MOUSE_CALLBACKS::drawingRegion()
		Botao direito pressionado.

04/08/2014 - 15:03:35
	MOUSE_CALLBACKS::drawingRegion()
		Botao esquerdo pressionado.

04/08/2014 - 15:03:35
	MOUSE_CALLBACKS::drawingRegion()
		Botao esquerdo pressionado.

04/08/2014 - 15:03:36
	MOUSE_CALLBACKS::drawingRegion()
		Botao esquerdo pressionado.

04/08/2014 - 15:03:36
	MOUSE_CALLBACKS::drawingRegion()
		Botao esquerdo pressionado.

04/08/2014 - 15:03:37
	ShapeSimple::createRegions()
		Regioes e identificadores setados com sucesso.

04/08/2014 - 15:03:37
	MOUSE_CALLBACKS::drawingRegion()
		Botao direito pressionado.

04/08/2014 - 15:05:09
	enableKey()
		A licensa do programa foi validada com sucesso.

04/08/2014 - 15:08:51
	enableKey()
		A licensa do programa foi validada com sucesso.

04/08/2014 - 15:09:05
	ShapeSimple::setBordersAspect()
		Aspecto da borda trocada com sucesso.

04/08/2014 - 15:09:08
	MOUSE_CALLBACKS::drawingRegion()
		Botao esquerdo pressionado.

04/08/2014 - 15:09:09
	MOUSE_CALLBACKS::drawingRegion()
		Botao esquerdo pressionado.

04/08/2014 - 15:09:09
	MOUSE_CALLBACKS::drawingRegion()
		Botao esquerdo pressionado.

04/08/2014 - 15:09:10
	MOUSE_CALLBACKS::drawingRegion()
		Botao esquerdo pressionado.

04/08/2014 - 15:09:11
	ShapeSimple::createRegions()
		Regiao de controle criada com sucesso.

04/08/2014 - 15:09:11
	MOUSE_CALLBACKS::drawingRegion()
		Botao direito pressionado.

04/08/2014 - 15:09:11
	MOUSE_CALLBACKS::drawingRegion()
		Botao esquerdo pressionado.

04/08/2014 - 15:09:12
	MOUSE_CALLBACKS::drawingRegion()
		Botao esquerdo pressionado.

04/08/2014 - 15:09:13
	MOUSE_CALLBACKS::drawingRegion()
		Botao esquerdo pressionado.

04/08/2014 - 15:09:14
	MOUSE_CALLBACKS::drawingRegion()
		Botao esquerdo pressionado.

04/08/2014 - 15:09:14
	ShapeSimple::createRegions()
		Regioes e identificadores setados com sucesso.

04/08/2014 - 15:09:14
	MOUSE_CALLBACKS::drawingRegion()
		Botao direito pressionado.

04/08/2014 - 15:10:54
	enableKey()
		A licensa do programa foi validada com sucesso.

04/08/2014 - 15:12:45
	enableKey()
		A licensa do programa foi validada com sucesso.

04/08/2014 - 15:13:26
	enableKey()
		A licensa do programa foi validada com sucesso.

04/08/2014 - 15:14:14
	enableKey()
		A licensa do programa foi validada com sucesso.

04/08/2014 - 15:14:40
	enableKey()
		A licensa do programa foi validada com sucesso.

04/08/2014 - 15:16:43
	enableKey()
		A licensa do programa foi validada com sucesso.

04/08/2014 - 15:17:39
	enableKey()
		A licensa do programa foi validada com sucesso.

04/08/2014 - 15:24:17
	enableKey()
		A licensa do programa foi validada com sucesso.

12/08/2014 - 12:13:22
	enableKey()
		A licensa do programa foi validada com sucesso.

12/08/2014 - 12:32:06
	enableKey()
		A licensa do programa foi validada com sucesso.

12/08/2014 - 12:32:06
	OCVMenu::addOption()
		O programa encerrou com erro.

12/08/2014 - 12:33:02
	enableKey()
		A licensa do programa foi validada com sucesso.

12/08/2014 - 12:42:19
	enableKey()
		A licensa do programa foi validada com sucesso.

15/08/2014 - 17:14:44
	enableKey()
		A licensa do programa foi validada com sucesso.

19/08/2014 - 16:20:23
	enableKey()
		A licensa do programa foi validada com sucesso.

19/08/2014 - 16:21:20
	enableKey()
		A licensa do programa foi validada com sucesso.

20/08/2014 - 13:19:39
	enableKey()
		A licensa do programa foi validada com sucesso.

20/08/2014 - 13:29:27
	enableKey()
		A licensa do programa foi validada com sucesso.

20/08/2014 - 13:29:27
	OCVMenu::addOption()
		O programa encerrou com erro.

20/08/2014 - 14:44:12
	enableKey()
		A licensa do programa foi validada com sucesso.

20/08/2014 - 14:45:02
	enableKey()
		A licensa do programa foi validada com sucesso.

20/08/2014 - 14:47:11
	enableKey()
		A licensa do programa foi validada com sucesso.

20/08/2014 - 14:47:56
	enableKey()
		A licensa do programa foi validada com sucesso.

20/08/2014 - 14:51:56
	enableKey()
		A licensa do programa foi validada com sucesso.

20/08/2014 - 14:52:24
	enableKey()
		A licensa do programa foi validada com sucesso.

20/08/2014 - 15:12:26
	enableKey()
		A licensa do programa foi validada com sucesso.

20/08/2014 - 15:12:56
	enableKey()
		A licensa do programa foi validada com sucesso.

20/08/2014 - 15:13:15
	enableKey()
		A licensa do programa foi validada com sucesso.

20/08/2014 - 15:13:46
	enableKey()
		A licensa do programa foi validada com sucesso.

20/08/2014 - 15:20:02
	enableKey()
		A licensa do programa foi validada com sucesso.

20/08/2014 - 15:20:16
	enableKey()
		A licensa do programa foi validada com sucesso.

20/08/2014 - 15:21:02
	enableKey()
		A licensa do programa foi validada com sucesso.

20/08/2014 - 15:22:29
	enableKey()
		A licensa do programa foi validada com sucesso.

20/08/2014 - 15:23:06
	enableKey()
		A licensa do programa foi validada com sucesso.

20/08/2014 - 15:30:19
	enableKey()
		A licensa do programa foi validada com sucesso.

20/08/2014 - 15:31:34
	enableKey()
		A licensa do programa foi validada com sucesso.

20/08/2014 - 15:32:14
	enableKey()
		A licensa do programa foi validada com sucesso.

20/08/2014 - 15:32:50
	enableKey()
		A licensa do programa foi validada com sucesso.

20/08/2014 - 15:33:33
	enableKey()
		A licensa do programa foi validada com sucesso.

20/08/2014 - 15:34:15
	enableKey()
		A licensa do programa foi validada com sucesso.

20/08/2014 - 15:35:06
	enableKey()
		A licensa do programa foi validada com sucesso.

20/08/2014 - 15:35:49
	enableKey()
		A licensa do programa foi validada com sucesso.

20/08/2014 - 15:36:26
	enableKey()
		A licensa do programa foi validada com sucesso.

20/08/2014 - 15:37:06
	enableKey()
		A licensa do programa foi validada com sucesso.

20/08/2014 - 15:38:19
	enableKey()
		A licensa do programa foi validada com sucesso.

20/08/2014 - 15:39:06
	enableKey()
		A licensa do programa foi validada com sucesso.

20/08/2014 - 15:39:42
	enableKey()
		A licensa do programa foi validada com sucesso.

20/08/2014 - 15:40:22
	enableKey()
		A licensa do programa foi validada com sucesso.

20/08/2014 - 15:41:19
	enableKey()
		A licensa do programa foi validada com sucesso.

20/08/2014 - 15:42:13
	enableKey()
		A licensa do programa foi validada com sucesso.

20/08/2014 - 15:42:58
	enableKey()
		A licensa do programa foi validada com sucesso.

20/08/2014 - 15:43:35
	enableKey()
		A licensa do programa foi validada com sucesso.

20/08/2014 - 15:44:10
	enableKey()
		A licensa do programa foi validada com sucesso.

20/08/2014 - 15:44:46
	enableKey()
		A licensa do programa foi validada com sucesso.

20/08/2014 - 15:45:27
	enableKey()
		A licensa do programa foi validada com sucesso.

20/08/2014 - 15:46:29
	enableKey()
		A licensa do programa foi validada com sucesso.

20/08/2014 - 15:47:23
	enableKey()
		A licensa do programa foi validada com sucesso.

20/08/2014 - 15:48:06
	enableKey()
		A licensa do programa foi validada com sucesso.

20/08/2014 - 15:48:55
	enableKey()
		A licensa do programa foi validada com sucesso.

20/08/2014 - 15:49:31
	enableKey()
		A licensa do programa foi validada com sucesso.

20/08/2014 - 15:50:13
	enableKey()
		A licensa do programa foi validada com sucesso.

20/08/2014 - 15:51:07
	enableKey()
		A licensa do programa foi validada com sucesso.

20/08/2014 - 15:51:54
	enableKey()
		A licensa do programa foi validada com sucesso.

20/08/2014 - 15:53:06
	enableKey()
		A licensa do programa foi validada com sucesso.

20/08/2014 - 15:56:23
	enableKey()
		A licensa do programa foi validada com sucesso.

20/08/2014 - 15:57:03
	enableKey()
		A licensa do programa foi validada com sucesso.

20/08/2014 - 15:57:44
	enableKey()
		A licensa do programa foi validada com sucesso.

21/08/2014 - 10:22:15
	enableKey()
		A licensa do programa foi validada com sucesso.

21/08/2014 - 10:23:32
	enableKey()
		A licensa do programa foi validada com sucesso.

21/08/2014 - 10:24:36
	enableKey()
		A licensa do programa foi validada com sucesso.

21/08/2014 - 10:25:27
	enableKey()
		A licensa do programa foi validada com sucesso.

21/08/2014 - 10:27:59
	enableKey()
		A licensa do programa foi validada com sucesso.

21/08/2014 - 10:28:10
	enableKey()
		A licensa do programa foi validada com sucesso.

21/08/2014 - 10:29:47
	enableKey()
		A licensa do programa foi validada com sucesso.

21/08/2014 - 10:34:29
	enableKey()
		A licensa do programa foi validada com sucesso.

21/08/2014 - 10:46:16
	enableKey()
		A licensa do programa foi validada com sucesso.

21/08/2014 - 10:49:09
	enableKey()
		A licensa do programa foi validada com sucesso.

21/08/2014 - 10:50:25
	enableKey()
		A licensa do programa foi validada com sucesso.

21/08/2014 - 10:59:19
	enableKey()
		A licensa do programa foi validada com sucesso.

21/08/2014 - 11:01:01
	enableKey()
		A licensa do programa foi validada com sucesso.

21/08/2014 - 11:01:51
	enableKey()
		A licensa do programa foi validada com sucesso.

21/08/2014 - 14:34:11
	enableKey()
		A licensa do programa foi validada com sucesso.

21/08/2014 - 14:34:43
	ShapeSimple::setBordersAspect()
		Aspecto da borda trocada com sucesso.

21/08/2014 - 14:34:49
	MOUSE_CALLBACKS::drawingRegion()
		Botao esquerdo pressionado.

21/08/2014 - 14:34:51
	MOUSE_CALLBACKS::drawingRegion()
		Botao esquerdo pressionado.

21/08/2014 - 14:34:51
	MOUSE_CALLBACKS::drawingRegion()
		Botao esquerdo pressionado.

21/08/2014 - 14:34:52
	MOUSE_CALLBACKS::drawingRegion()
		Botao esquerdo pressionado.

21/08/2014 - 14:34:53
	ShapeSimple::createRegions()
		Regiao de controle criada com sucesso.

21/08/2014 - 14:34:53
	MOUSE_CALLBACKS::drawingRegion()
		Botao direito pressionado.

21/08/2014 - 14:34:53
	MOUSE_CALLBACKS::drawingRegion()
		Botao esquerdo pressionado.

21/08/2014 - 14:34:54
	MOUSE_CALLBACKS::drawingRegion()
		Botao esquerdo pressionado.

21/08/2014 - 14:34:54
	MOUSE_CALLBACKS::drawingRegion()
		Botao esquerdo pressionado.

21/08/2014 - 14:34:55
	MOUSE_CALLBACKS::drawingRegion()
		Botao esquerdo pressionado.

21/08/2014 - 14:34:55
	ShapeSimple::createRegions()
		Regioes e identificadores setados com sucesso.

21/08/2014 - 14:34:55
	MOUSE_CALLBACKS::drawingRegion()
		Botao direito pressionado.

22/08/2014 - 11:38:39
	enableKey()
		A licensa do programa foi validada com sucesso.

22/08/2014 - 11:39:38
	enableKey()
		A licensa do programa foi validada com sucesso.

