C:\USERS\RODRIGO\DOCUMENTS\C_C++\PROCESSAMENTO DE IMAGEM\TESTE\PROGRAMA\PROGRAMA\RELEASE\PROGRAMA.PCH
C:\USERS\RODRIGO\DOCUMENTS\C_C++\PROCESSAMENTO DE IMAGEM\TESTE\PROGRAMA\PROGRAMA\RELEASE\STDAFX.OBJ
C:\USERS\RODRIGO\DOCUMENTS\C_C++\PROCESSAMENTO DE IMAGEM\TESTE\PROGRAMA\PROGRAMA\RELEASE\VC110.PDB
C:\USERS\RODRIGO\DOCUMENTS\C_C++\PROCESSAMENTO DE IMAGEM\TESTE\PROGRAMA\PROGRAMA\RELEASE\MAIN.OBJ
C:\USERS\RODRIGO\DOCUMENTS\C_C++\PROCESSAMENTO DE IMAGEM\TESTE\PROGRAMA\RELEASE\PROGRAMA.EXE
C:\USERS\RODRIGO\DOCUMENTS\C_C++\PROCESSAMENTO DE IMAGEM\TESTE\PROGRAMA\RELEASE\PROGRAMA.PDB
C:\Users\Rodrigo\Documents\C_C++\Processamento de Imagem\Teste\Programa\Programa\Release\main.obj
C:\Users\Rodrigo\Documents\C_C++\Processamento de Imagem\Teste\Programa\Programa\Release\stdafx.obj
C:\Users\Rodrigo\Documents\C_C++\Processamento de Imagem\Teste\Programa\Programa\Release\cl.command.1.tlog
C:\Users\Rodrigo\Documents\C_C++\Processamento de Imagem\Teste\Programa\Programa\Release\CL.read.1.tlog
C:\Users\Rodrigo\Documents\C_C++\Processamento de Imagem\Teste\Programa\Programa\Release\CL.write.1.tlog
C:\Users\Rodrigo\Documents\C_C++\Processamento de Imagem\Teste\Programa\Programa\Release\link-cvtres.read.1.tlog
C:\Users\Rodrigo\Documents\C_C++\Processamento de Imagem\Teste\Programa\Programa\Release\link-cvtres.write.1.tlog
C:\Users\Rodrigo\Documents\C_C++\Processamento de Imagem\Teste\Programa\Programa\Release\link-rc.read.1.tlog
C:\Users\Rodrigo\Documents\C_C++\Processamento de Imagem\Teste\Programa\Programa\Release\link-rc.write.1.tlog
C:\Users\Rodrigo\Documents\C_C++\Processamento de Imagem\Teste\Programa\Programa\Release\link.command.1.tlog
C:\Users\Rodrigo\Documents\C_C++\Processamento de Imagem\Teste\Programa\Programa\Release\link.read.1.tlog
C:\Users\Rodrigo\Documents\C_C++\Processamento de Imagem\Teste\Programa\Programa\Release\link.write.1.tlog
C:\Users\Rodrigo\Documents\C_C++\Processamento de Imagem\Teste\Programa\Programa\Release\Programa.pch
C:\Users\Rodrigo\Documents\C_C++\Processamento de Imagem\Teste\Programa\Programa\Release\vc110.pdb
C:\Users\Rodrigo\Documents\C_C++\Processamento de Imagem\Teste\Programa\Release\Programa.pdb
C:\Users\Rodrigo\Documents\C_C++\Processamento de Imagem\Teste\Programa\Release\Programa.exe
